2023-04-27T05:53:03.093+05:30  INFO 26696 --- [restartedMain] com.task.employee.EmployeeApplication    : Starting EmployeeApplication using Java 17.0.4.1 with PID 26696 (C:\Cox Task\employee\target\classes started by ssaathvi in C:\Cox Task\employee)
2023-04-27T05:53:03.098+05:30  INFO 26696 --- [restartedMain] com.task.employee.EmployeeApplication    : No active profile set, falling back to 1 default profile: "default"
2023-04-27T05:53:03.164+05:30  INFO 26696 --- [restartedMain] .e.DevToolsPropertyDefaultsPostProcessor : Devtools property defaults active! Set 'spring.devtools.add-properties' to 'false' to disable
2023-04-27T05:53:03.171+05:30  INFO 26696 --- [restartedMain] .e.DevToolsPropertyDefaultsPostProcessor : For additional web related logging consider setting the 'logging.level.web' property to 'DEBUG'
2023-04-27T05:53:03.958+05:30  INFO 26696 --- [restartedMain] .s.d.r.c.RepositoryConfigurationDelegate : Bootstrapping Spring Data MongoDB repositories in DEFAULT mode.
2023-04-27T05:53:04.169+05:30  INFO 26696 --- [restartedMain] .s.d.r.c.RepositoryConfigurationDelegate : Finished Spring Data repository scanning in 205 ms. Found 1 MongoDB repository interfaces.
2023-04-27T05:53:04.520+05:30  INFO 26696 --- [restartedMain] o.s.cloud.context.scope.GenericScope     : BeanFactory id=e01c8b37-9e18-380d-ac60-b0af6b1f8eac
2023-04-27T05:53:05.186+05:30  INFO 26696 --- [restartedMain] o.s.b.w.embedded.tomcat.TomcatWebServer  : Tomcat initialized with port(s): 8050 (http)
2023-04-27T05:53:05.199+05:30  INFO 26696 --- [restartedMain] o.apache.catalina.core.StandardService   : Starting service [Tomcat]
2023-04-27T05:53:05.200+05:30  INFO 26696 --- [restartedMain] o.apache.catalina.core.StandardEngine    : Starting Servlet engine: [Apache Tomcat/10.1.8]
2023-04-27T05:53:05.289+05:30  INFO 26696 --- [restartedMain] o.a.c.c.C.[Tomcat].[localhost].[/]       : Initializing Spring embedded WebApplicationContext
2023-04-27T05:53:05.290+05:30  INFO 26696 --- [restartedMain] w.s.c.ServletWebServerApplicationContext : Root WebApplicationContext: initialization completed in 2117 ms
2023-04-27T05:53:05.626+05:30  INFO 26696 --- [restartedMain] org.mongodb.driver.client                : MongoClient with metadata {"driver": {"name": "mongo-java-driver|sync|spring-boot", "version": "4.8.2"}, "os": {"type": "Windows", "name": "Windows 11", "architecture": "amd64", "version": "10.0"}, "platform": "Java/Amazon.com Inc./17.0.4.1+9-LTS"} created with settings MongoClientSettings{readPreference=primary, writeConcern=WriteConcern{w=majority, wTimeout=null ms, journal=null}, retryWrites=true, retryReads=true, readConcern=ReadConcern{level=null}, credential=MongoCredential{mechanism=null, userName='ssaathvik123', source='admin', password=<hidden>, mechanismProperties=<hidden>}, streamFactoryFactory=null, commandListeners=[], codecRegistry=ProvidersCodecRegistry{codecProviders=[ValueCodecProvider{}, BsonValueCodecProvider{}, DBRefCodecProvider{}, DBObjectCodecProvider{}, DocumentCodecProvider{}, CollectionCodecProvider{}, IterableCodecProvider{}, MapCodecProvider{}, GeoJsonCodecProvider{}, GridFSFileCodecProvider{}, Jsr310CodecProvider{}, JsonObjectCodecProvider{}, BsonCodecProvider{}, EnumCodecProvider{}, com.mongodb.Jep395RecordCodecProvider@602f142a]}, clusterSettings={hosts=[127.0.0.1:27017], srvHost=cluster0.igiuzpj.mongodb.net, srvServiceName=mongodb, mode=MULTIPLE, requiredClusterType=REPLICA_SET, requiredReplicaSetName='atlas-64lyjo-shard-0', serverSelector='null', clusterListeners='[]', serverSelectionTimeout='30000 ms', localThreshold='30000 ms'}, socketSettings=SocketSettings{connectTimeoutMS=10000, readTimeoutMS=0, receiveBufferSize=0, sendBufferSize=0}, heartbeatSocketSettings=SocketSettings{connectTimeoutMS=10000, readTimeoutMS=10000, receiveBufferSize=0, sendBufferSize=0}, connectionPoolSettings=ConnectionPoolSettings{maxSize=100, minSize=0, maxWaitTimeMS=120000, maxConnectionLifeTimeMS=0, maxConnectionIdleTimeMS=0, maintenanceInitialDelayMS=0, maintenanceFrequencyMS=60000, connectionPoolListeners=[], maxConnecting=2}, serverSettings=ServerSettings{heartbeatFrequencyMS=10000, minHeartbeatFrequencyMS=500, serverListeners='[]', serverMonitorListeners='[]'}, sslSettings=SslSettings{enabled=true, invalidHostNameAllowed=false, context=null}, applicationName='null', compressorList=[], uuidRepresentation=JAVA_LEGACY, serverApi=null, autoEncryptionSettings=null, contextProvider=null}
2023-04-27T05:53:05.699+05:30  INFO 26696 --- [cluster-ClusterId{value='6449c069f908310dbebb1ac3', description='null'}-srv-cluster0.igiuzpj.mongodb.net] org.mongodb.driver.cluster               : Adding discovered server ac-zxufz0t-shard-00-02.igiuzpj.mongodb.net:27017 to client view of cluster
2023-04-27T05:53:05.753+05:30  INFO 26696 --- [cluster-ClusterId{value='6449c069f908310dbebb1ac3', description='null'}-srv-cluster0.igiuzpj.mongodb.net] org.mongodb.driver.cluster               : Adding discovered server ac-zxufz0t-shard-00-00.igiuzpj.mongodb.net:27017 to client view of cluster
2023-04-27T05:53:05.756+05:30  INFO 26696 --- [cluster-ClusterId{value='6449c069f908310dbebb1ac3', description='null'}-srv-cluster0.igiuzpj.mongodb.net] org.mongodb.driver.cluster               : Adding discovered server ac-zxufz0t-shard-00-01.igiuzpj.mongodb.net:27017 to client view of cluster
2023-04-27T05:53:06.026+05:30  WARN 26696 --- [restartedMain] o.s.b.d.a.OptionalLiveReloadServer       : Unable to start LiveReload server
2023-04-27T05:53:06.836+05:30  INFO 26696 --- [restartedMain] DiscoveryClientOptionalArgsConfiguration : Eureka HTTP Client uses RestTemplate.
2023-04-27T05:53:07.050+05:30  INFO 26696 --- [cluster-ClusterId{value='6449c069f908310dbebb1ac3', description='null'}-ac-zxufz0t-shard-00-01.igiuzpj.mongodb.net:27017] org.mongodb.driver.cluster               : Monitor thread successfully connected to server with description ServerDescription{address=ac-zxufz0t-shard-00-01.igiuzpj.mongodb.net:27017, type=REPLICA_SET_PRIMARY, state=CONNECTED, ok=true, minWireVersion=0, maxWireVersion=17, maxDocumentSize=16777216, logicalSessionTimeoutMinutes=30, roundTripTimeNanos=820379200, setName='atlas-64lyjo-shard-0', canonicalAddress=ac-zxufz0t-shard-00-01.igiuzpj.mongodb.net:27017, hosts=[ac-zxufz0t-shard-00-01.igiuzpj.mongodb.net:27017, ac-zxufz0t-shard-00-00.igiuzpj.mongodb.net:27017, ac-zxufz0t-shard-00-02.igiuzpj.mongodb.net:27017], passives=[], arbiters=[], primary='ac-zxufz0t-shard-00-01.igiuzpj.mongodb.net:27017', tagSet=TagSet{[Tag{name='nodeType', value='ELECTABLE'}, Tag{name='provider', value='AWS'}, Tag{name='region', value='US_EAST_1'}, Tag{name='workloadType', value='OPERATIONAL'}]}, electionId=7fffffff0000000000000099, setVersion=9, topologyVersion=TopologyVersion{processId=6449773808a24f2d2b20e252, counter=6}, lastWriteDate=Thu Apr 27 05:53:06 IST 2023, lastUpdateTimeNanos=34293225972599}
2023-04-27T05:53:07.051+05:30  INFO 26696 --- [cluster-ClusterId{value='6449c069f908310dbebb1ac3', description='null'}-ac-zxufz0t-shard-00-00.igiuzpj.mongodb.net:27017] org.mongodb.driver.cluster               : Monitor thread successfully connected to server with description ServerDescription{address=ac-zxufz0t-shard-00-00.igiuzpj.mongodb.net:27017, type=REPLICA_SET_SECONDARY, state=CONNECTED, ok=true, minWireVersion=0, maxWireVersion=17, maxDocumentSize=16777216, logicalSessionTimeoutMinutes=30, roundTripTimeNanos=822623101, setName='atlas-64lyjo-shard-0', canonicalAddress=ac-zxufz0t-shard-00-00.igiuzpj.mongodb.net:27017, hosts=[ac-zxufz0t-shard-00-01.igiuzpj.mongodb.net:27017, ac-zxufz0t-shard-00-00.igiuzpj.mongodb.net:27017, ac-zxufz0t-shard-00-02.igiuzpj.mongodb.net:27017], passives=[], arbiters=[], primary='ac-zxufz0t-shard-00-01.igiuzpj.mongodb.net:27017', tagSet=TagSet{[Tag{name='nodeType', value='ELECTABLE'}, Tag{name='provider', value='AWS'}, Tag{name='region', value='US_EAST_1'}, Tag{name='workloadType', value='OPERATIONAL'}]}, electionId=null, setVersion=9, topologyVersion=TopologyVersion{processId=644975957bafc83c4aa89693, counter=4}, lastWriteDate=Thu Apr 27 05:53:06 IST 2023, lastUpdateTimeNanos=34293228104500}
2023-04-27T05:53:07.051+05:30  INFO 26696 --- [cluster-ClusterId{value='6449c069f908310dbebb1ac3', description='null'}-ac-zxufz0t-shard-00-02.igiuzpj.mongodb.net:27017] org.mongodb.driver.cluster               : Monitor thread successfully connected to server with description ServerDescription{address=ac-zxufz0t-shard-00-02.igiuzpj.mongodb.net:27017, type=REPLICA_SET_SECONDARY, state=CONNECTED, ok=true, minWireVersion=0, maxWireVersion=17, maxDocumentSize=16777216, logicalSessionTimeoutMinutes=30, roundTripTimeNanos=814469101, setName='atlas-64lyjo-shard-0', canonicalAddress=ac-zxufz0t-shard-00-02.igiuzpj.mongodb.net:27017, hosts=[ac-zxufz0t-shard-00-01.igiuzpj.mongodb.net:27017, ac-zxufz0t-shard-00-00.igiuzpj.mongodb.net:27017, ac-zxufz0t-shard-00-02.igiuzpj.mongodb.net:27017], passives=[], arbiters=[], primary='ac-zxufz0t-shard-00-01.igiuzpj.mongodb.net:27017', tagSet=TagSet{[Tag{name='nodeType', value='ELECTABLE'}, Tag{name='provider', value='AWS'}, Tag{name='region', value='US_EAST_1'}, Tag{name='workloadType', value='OPERATIONAL'}]}, electionId=null, setVersion=9, topologyVersion=TopologyVersion{processId=6449787aaec46acbf0152b97, counter=3}, lastWriteDate=Thu Apr 27 05:53:06 IST 2023, lastUpdateTimeNanos=34293225787400}
2023-04-27T05:53:07.060+05:30  INFO 26696 --- [cluster-ClusterId{value='6449c069f908310dbebb1ac3', description='null'}-ac-zxufz0t-shard-00-01.igiuzpj.mongodb.net:27017] org.mongodb.driver.cluster               : Discovered replica set primary ac-zxufz0t-shard-00-01.igiuzpj.mongodb.net:27017 with max election id 7fffffff0000000000000099 and max set version 9
2023-04-27T05:53:07.118+05:30  WARN 26696 --- [restartedMain] iguration$LoadBalancerCaffeineWarnLogger : Spring Cloud LoadBalancer is currently working with the default cache. While this cache implementation is useful for development and tests, it's recommended to use Caffeine cache in production.You can switch to using Caffeine cache, by adding it and org.springframework.cache.caffeine.CaffeineCacheManager to the classpath.
2023-04-27T05:53:07.146+05:30  INFO 26696 --- [restartedMain] o.s.c.n.eureka.InstanceInfoFactory       : Setting initial instance status as: STARTING
2023-04-27T05:53:07.243+05:30  INFO 26696 --- [restartedMain] com.netflix.discovery.DiscoveryClient    : Initializing Eureka in region us-east-1
2023-04-27T05:53:07.252+05:30  INFO 26696 --- [restartedMain] c.n.d.s.r.aws.ConfigClusterResolver      : Resolving eureka endpoints via configuration
2023-04-27T05:53:07.291+05:30  INFO 26696 --- [restartedMain] com.netflix.discovery.DiscoveryClient    : Disable delta property : false
2023-04-27T05:53:07.291+05:30  INFO 26696 --- [restartedMain] com.netflix.discovery.DiscoveryClient    : Single vip registry refresh property : null
2023-04-27T05:53:07.291+05:30  INFO 26696 --- [restartedMain] com.netflix.discovery.DiscoveryClient    : Force full registry fetch : false
2023-04-27T05:53:07.291+05:30  INFO 26696 --- [restartedMain] com.netflix.discovery.DiscoveryClient    : Application is null : false
2023-04-27T05:53:07.291+05:30  INFO 26696 --- [restartedMain] com.netflix.discovery.DiscoveryClient    : Registered Applications size is zero : true
2023-04-27T05:53:07.291+05:30  INFO 26696 --- [restartedMain] com.netflix.discovery.DiscoveryClient    : Application version is -1: true
2023-04-27T05:53:07.292+05:30  INFO 26696 --- [restartedMain] com.netflix.discovery.DiscoveryClient    : Getting all instance registry info from the eureka server
2023-04-27T05:53:07.689+05:30  INFO 26696 --- [restartedMain] com.netflix.discovery.DiscoveryClient    : The response status is 200
2023-04-27T05:53:07.693+05:30  INFO 26696 --- [restartedMain] com.netflix.discovery.DiscoveryClient    : Starting heartbeat executor: renew interval is: 30
2023-04-27T05:53:07.697+05:30  INFO 26696 --- [restartedMain] c.n.discovery.InstanceInfoReplicator     : InstanceInfoReplicator onDemand update allowed rate per min is 4
2023-04-27T05:53:07.705+05:30  INFO 26696 --- [restartedMain] com.netflix.discovery.DiscoveryClient    : Discovery Client initialized at timestamp 1682554987704 with initial instances count: 2
2023-04-27T05:53:07.708+05:30  INFO 26696 --- [restartedMain] o.s.c.n.e.s.EurekaServiceRegistry        : Registering application EMPLOYEE-SERVICE with eureka with status UP
2023-04-27T05:53:07.709+05:30  INFO 26696 --- [restartedMain] com.netflix.discovery.DiscoveryClient    : Saw local status change event StatusChangeEvent [timestamp=1682554987709, current=UP, previous=STARTING]
2023-04-27T05:53:07.712+05:30  INFO 26696 --- [DiscoveryClient-InstanceInfoReplicator-0] com.netflix.discovery.DiscoveryClient    : DiscoveryClient_EMPLOYEE-SERVICE/inlen8520081760.corp.capgemini.com:Employee-Service:8050: registering service...
2023-04-27T05:53:07.751+05:30  INFO 26696 --- [restartedMain] o.s.b.w.embedded.tomcat.TomcatWebServer  : Tomcat started on port(s): 8050 (http) with context path ''
2023-04-27T05:53:07.752+05:30  INFO 26696 --- [restartedMain] .s.c.n.e.s.EurekaAutoServiceRegistration : Updating port to 8050
2023-04-27T05:53:07.767+05:30  INFO 26696 --- [DiscoveryClient-InstanceInfoReplicator-0] com.netflix.discovery.DiscoveryClient    : DiscoveryClient_EMPLOYEE-SERVICE/inlen8520081760.corp.capgemini.com:Employee-Service:8050 - registration status: 204
2023-04-27T05:53:07.895+05:30  INFO 26696 --- [restartedMain] com.task.employee.EmployeeApplication    : Started EmployeeApplication in 5.524 seconds (process running for 6.168)
2023-04-27T05:54:26.018+05:30  INFO 26696 --- [http-nio-8050-exec-1] o.a.c.c.C.[Tomcat].[localhost].[/]       : Initializing Spring DispatcherServlet 'dispatcherServlet'
2023-04-27T05:54:26.019+05:30  INFO 26696 --- [http-nio-8050-exec-1] o.s.web.servlet.DispatcherServlet        : Initializing Servlet 'dispatcherServlet'
2023-04-27T05:54:26.021+05:30  INFO 26696 --- [http-nio-8050-exec-1] o.s.web.servlet.DispatcherServlet        : Completed initialization in 1 ms
2023-04-27T05:54:26.084+05:30  INFO 26696 --- [http-nio-8050-exec-1] c.t.e.controller.EmployeeController      : [addemp] info message added
2023-04-27T05:55:44.210+05:30  INFO 26696 --- [http-nio-8050-exec-3] c.t.e.controller.EmployeeController      : [addDept] info message added
2023-04-27T05:58:07.298+05:30  INFO 26696 --- [AsyncResolver-bootstrap-executor-0] c.n.d.s.r.aws.ConfigClusterResolver      : Resolving eureka endpoints via configuration
2023-04-27T06:03:07.307+05:30  INFO 26696 --- [AsyncResolver-bootstrap-executor-0] c.n.d.s.r.aws.ConfigClusterResolver      : Resolving eureka endpoints via configuration
2023-04-27T06:08:07.319+05:30  INFO 26696 --- [AsyncResolver-bootstrap-executor-0] c.n.d.s.r.aws.ConfigClusterResolver      : Resolving eureka endpoints via configuration
2023-04-27T06:13:07.325+05:30  INFO 26696 --- [AsyncResolver-bootstrap-executor-0] c.n.d.s.r.aws.ConfigClusterResolver      : Resolving eureka endpoints via configuration
2023-04-27T06:16:41.813+05:30  INFO 26696 --- [http-nio-8050-exec-5] c.t.e.controller.EmployeeController      : [addDept] info message added
2023-04-27T06:16:55.497+05:30  INFO 26696 --- [http-nio-8050-exec-6] c.t.e.controller.EmployeeController      : [addDept] info message added
2023-04-27T06:17:17.039+05:30 ERROR 26696 --- [http-nio-8050-exec-7] o.a.c.c.C.[.[.[/].[dispatcherServlet]    : Servlet.service() for servlet [dispatcherServlet] in context with path [] threw exception [Request processing failed: java.lang.IllegalStateException: Ambiguous handler methods mapped for '/emp/update/1': {public com.task.employee.model.Employee com.task.employee.controller.EmployeeController.updateEmpl(com.task.employee.model.Employee,int), public org.springframework.http.ResponseEntity com.task.employee.controller.EmployeeController.updateDepart(com.task.employee.model.Department,int)}] with root cause

java.lang.IllegalStateException: Ambiguous handler methods mapped for '/emp/update/1': {public com.task.employee.model.Employee com.task.employee.controller.EmployeeController.updateEmpl(com.task.employee.model.Employee,int), public org.springframework.http.ResponseEntity com.task.employee.controller.EmployeeController.updateDepart(com.task.employee.model.Department,int)}
	at org.springframework.web.servlet.handler.AbstractHandlerMethodMapping.lookupHandlerMethod(AbstractHandlerMethodMapping.java:431) ~[spring-webmvc-6.0.8.jar:6.0.8]
	at org.springframework.web.servlet.handler.AbstractHandlerMethodMapping.getHandlerInternal(AbstractHandlerMethodMapping.java:382) ~[spring-webmvc-6.0.8.jar:6.0.8]
	at org.springframework.web.servlet.mvc.method.RequestMappingInfoHandlerMapping.getHandlerInternal(RequestMappingInfoHandlerMapping.java:126) ~[spring-webmvc-6.0.8.jar:6.0.8]
	at org.springframework.web.servlet.mvc.method.RequestMappingInfoHandlerMapping.getHandlerInternal(RequestMappingInfoHandlerMapping.java:68) ~[spring-webmvc-6.0.8.jar:6.0.8]
	at org.springframework.web.servlet.handler.AbstractHandlerMapping.getHandler(AbstractHandlerMapping.java:505) ~[spring-webmvc-6.0.8.jar:6.0.8]
	at org.springframework.web.servlet.DispatcherServlet.getHandler(DispatcherServlet.java:1275) ~[spring-webmvc-6.0.8.jar:6.0.8]
	at org.springframework.web.servlet.DispatcherServlet.doDispatch(DispatcherServlet.java:1057) ~[spring-webmvc-6.0.8.jar:6.0.8]
	at org.springframework.web.servlet.DispatcherServlet.doService(DispatcherServlet.java:974) ~[spring-webmvc-6.0.8.jar:6.0.8]
	at org.springframework.web.servlet.FrameworkServlet.processRequest(FrameworkServlet.java:1011) ~[spring-webmvc-6.0.8.jar:6.0.8]
	at org.springframework.web.servlet.FrameworkServlet.doPut(FrameworkServlet.java:925) ~[spring-webmvc-6.0.8.jar:6.0.8]
	at jakarta.servlet.http.HttpServlet.service(HttpServlet.java:593) ~[tomcat-embed-core-10.1.8.jar:6.0]
	at org.springframework.web.servlet.FrameworkServlet.service(FrameworkServlet.java:885) ~[spring-webmvc-6.0.8.jar:6.0.8]
	at jakarta.servlet.http.HttpServlet.service(HttpServlet.java:658) ~[tomcat-embed-core-10.1.8.jar:6.0]
	at org.apache.catalina.core.ApplicationFilterChain.internalDoFilter(ApplicationFilterChain.java:205) ~[tomcat-embed-core-10.1.8.jar:10.1.8]
	at org.apache.catalina.core.ApplicationFilterChain.doFilter(ApplicationFilterChain.java:149) ~[tomcat-embed-core-10.1.8.jar:10.1.8]
	at org.apache.tomcat.websocket.server.WsFilter.doFilter(WsFilter.java:51) ~[tomcat-embed-websocket-10.1.8.jar:10.1.8]
	at org.apache.catalina.core.ApplicationFilterChain.internalDoFilter(ApplicationFilterChain.java:174) ~[tomcat-embed-core-10.1.8.jar:10.1.8]
	at org.apache.catalina.core.ApplicationFilterChain.doFilter(ApplicationFilterChain.java:149) ~[tomcat-embed-core-10.1.8.jar:10.1.8]
	at org.springframework.web.filter.RequestContextFilter.doFilterInternal(RequestContextFilter.java:100) ~[spring-web-6.0.8.jar:6.0.8]
	at org.springframework.web.filter.OncePerRequestFilter.doFilter(OncePerRequestFilter.java:116) ~[spring-web-6.0.8.jar:6.0.8]
	at org.apache.catalina.core.ApplicationFilterChain.internalDoFilter(ApplicationFilterChain.java:174) ~[tomcat-embed-core-10.1.8.jar:10.1.8]
	at org.apache.catalina.core.ApplicationFilterChain.doFilter(ApplicationFilterChain.java:149) ~[tomcat-embed-core-10.1.8.jar:10.1.8]
	at org.springframework.web.filter.FormContentFilter.doFilterInternal(FormContentFilter.java:93) ~[spring-web-6.0.8.jar:6.0.8]
	at org.springframework.web.filter.OncePerRequestFilter.doFilter(OncePerRequestFilter.java:116) ~[spring-web-6.0.8.jar:6.0.8]
	at org.apache.catalina.core.ApplicationFilterChain.internalDoFilter(ApplicationFilterChain.java:174) ~[tomcat-embed-core-10.1.8.jar:10.1.8]
	at org.apache.catalina.core.ApplicationFilterChain.doFilter(ApplicationFilterChain.java:149) ~[tomcat-embed-core-10.1.8.jar:10.1.8]
	at org.springframework.web.filter.CharacterEncodingFilter.doFilterInternal(CharacterEncodingFilter.java:201) ~[spring-web-6.0.8.jar:6.0.8]
	at org.springframework.web.filter.OncePerRequestFilter.doFilter(OncePerRequestFilter.java:116) ~[spring-web-6.0.8.jar:6.0.8]
	at org.apache.catalina.core.ApplicationFilterChain.internalDoFilter(ApplicationFilterChain.java:174) ~[tomcat-embed-core-10.1.8.jar:10.1.8]
	at org.apache.catalina.core.ApplicationFilterChain.doFilter(ApplicationFilterChain.java:149) ~[tomcat-embed-core-10.1.8.jar:10.1.8]
	at org.apache.catalina.core.StandardWrapperValve.invoke(StandardWrapperValve.java:166) ~[tomcat-embed-core-10.1.8.jar:10.1.8]
	at org.apache.catalina.core.StandardContextValve.invoke(StandardContextValve.java:90) ~[tomcat-embed-core-10.1.8.jar:10.1.8]
	at org.apache.catalina.authenticator.AuthenticatorBase.invoke(AuthenticatorBase.java:482) ~[tomcat-embed-core-10.1.8.jar:10.1.8]
	at org.apache.catalina.core.StandardHostValve.invoke(StandardHostValve.java:115) ~[tomcat-embed-core-10.1.8.jar:10.1.8]
	at org.apache.catalina.valves.ErrorReportValve.invoke(ErrorReportValve.java:93) ~[tomcat-embed-core-10.1.8.jar:10.1.8]
	at org.apache.catalina.core.StandardEngineValve.invoke(StandardEngineValve.java:74) ~[tomcat-embed-core-10.1.8.jar:10.1.8]
	at org.apache.catalina.connector.CoyoteAdapter.service(CoyoteAdapter.java:341) ~[tomcat-embed-core-10.1.8.jar:10.1.8]
	at org.apache.coyote.http11.Http11Processor.service(Http11Processor.java:390) ~[tomcat-embed-core-10.1.8.jar:10.1.8]
	at org.apache.coyote.AbstractProcessorLight.process(AbstractProcessorLight.java:63) ~[tomcat-embed-core-10.1.8.jar:10.1.8]
	at org.apache.coyote.AbstractProtocol$ConnectionHandler.process(AbstractProtocol.java:894) ~[tomcat-embed-core-10.1.8.jar:10.1.8]
	at org.apache.tomcat.util.net.NioEndpoint$SocketProcessor.doRun(NioEndpoint.java:1741) ~[tomcat-embed-core-10.1.8.jar:10.1.8]
	at org.apache.tomcat.util.net.SocketProcessorBase.run(SocketProcessorBase.java:52) ~[tomcat-embed-core-10.1.8.jar:10.1.8]
	at org.apache.tomcat.util.threads.ThreadPoolExecutor.runWorker(ThreadPoolExecutor.java:1191) ~[tomcat-embed-core-10.1.8.jar:10.1.8]
	at org.apache.tomcat.util.threads.ThreadPoolExecutor$Worker.run(ThreadPoolExecutor.java:659) ~[tomcat-embed-core-10.1.8.jar:10.1.8]
	at org.apache.tomcat.util.threads.TaskThread$WrappingRunnable.run(TaskThread.java:61) ~[tomcat-embed-core-10.1.8.jar:10.1.8]
	at java.base/java.lang.Thread.run(Thread.java:833) ~[na:na]

2023-04-27T06:17:25.882+05:30 ERROR 26696 --- [http-nio-8050-exec-8] o.a.c.c.C.[.[.[/].[dispatcherServlet]    : Servlet.service() for servlet [dispatcherServlet] in context with path [] threw exception [Request processing failed: java.lang.IllegalStateException: Ambiguous handler methods mapped for '/emp/update/1': {public com.task.employee.model.Employee com.task.employee.controller.EmployeeController.updateEmpl(com.task.employee.model.Employee,int), public org.springframework.http.ResponseEntity com.task.employee.controller.EmployeeController.updateDepart(com.task.employee.model.Department,int)}] with root cause

java.lang.IllegalStateException: Ambiguous handler methods mapped for '/emp/update/1': {public com.task.employee.model.Employee com.task.employee.controller.EmployeeController.updateEmpl(com.task.employee.model.Employee,int), public org.springframework.http.ResponseEntity com.task.employee.controller.EmployeeController.updateDepart(com.task.employee.model.Department,int)}
	at org.springframework.web.servlet.handler.AbstractHandlerMethodMapping.lookupHandlerMethod(AbstractHandlerMethodMapping.java:431) ~[spring-webmvc-6.0.8.jar:6.0.8]
	at org.springframework.web.servlet.handler.AbstractHandlerMethodMapping.getHandlerInternal(AbstractHandlerMethodMapping.java:382) ~[spring-webmvc-6.0.8.jar:6.0.8]
	at org.springframework.web.servlet.mvc.method.RequestMappingInfoHandlerMapping.getHandlerInternal(RequestMappingInfoHandlerMapping.java:126) ~[spring-webmvc-6.0.8.jar:6.0.8]
	at org.springframework.web.servlet.mvc.method.RequestMappingInfoHandlerMapping.getHandlerInternal(RequestMappingInfoHandlerMapping.java:68) ~[spring-webmvc-6.0.8.jar:6.0.8]
	at org.springframework.web.servlet.handler.AbstractHandlerMapping.getHandler(AbstractHandlerMapping.java:505) ~[spring-webmvc-6.0.8.jar:6.0.8]
	at org.springframework.web.servlet.DispatcherServlet.getHandler(DispatcherServlet.java:1275) ~[spring-webmvc-6.0.8.jar:6.0.8]
	at org.springframework.web.servlet.DispatcherServlet.doDispatch(DispatcherServlet.java:1057) ~[spring-webmvc-6.0.8.jar:6.0.8]
	at org.springframework.web.servlet.DispatcherServlet.doService(DispatcherServlet.java:974) ~[spring-webmvc-6.0.8.jar:6.0.8]
	at org.springframework.web.servlet.FrameworkServlet.processRequest(FrameworkServlet.java:1011) ~[spring-webmvc-6.0.8.jar:6.0.8]
	at org.springframework.web.servlet.FrameworkServlet.doPut(FrameworkServlet.java:925) ~[spring-webmvc-6.0.8.jar:6.0.8]
	at jakarta.servlet.http.HttpServlet.service(HttpServlet.java:593) ~[tomcat-embed-core-10.1.8.jar:6.0]
	at org.springframework.web.servlet.FrameworkServlet.service(FrameworkServlet.java:885) ~[spring-webmvc-6.0.8.jar:6.0.8]
	at jakarta.servlet.http.HttpServlet.service(HttpServlet.java:658) ~[tomcat-embed-core-10.1.8.jar:6.0]
	at org.apache.catalina.core.ApplicationFilterChain.internalDoFilter(ApplicationFilterChain.java:205) ~[tomcat-embed-core-10.1.8.jar:10.1.8]
	at org.apache.catalina.core.ApplicationFilterChain.doFilter(ApplicationFilterChain.java:149) ~[tomcat-embed-core-10.1.8.jar:10.1.8]
	at org.apache.tomcat.websocket.server.WsFilter.doFilter(WsFilter.java:51) ~[tomcat-embed-websocket-10.1.8.jar:10.1.8]
	at org.apache.catalina.core.ApplicationFilterChain.internalDoFilter(ApplicationFilterChain.java:174) ~[tomcat-embed-core-10.1.8.jar:10.1.8]
	at org.apache.catalina.core.ApplicationFilterChain.doFilter(ApplicationFilterChain.java:149) ~[tomcat-embed-core-10.1.8.jar:10.1.8]
	at org.springframework.web.filter.RequestContextFilter.doFilterInternal(RequestContextFilter.java:100) ~[spring-web-6.0.8.jar:6.0.8]
	at org.springframework.web.filter.OncePerRequestFilter.doFilter(OncePerRequestFilter.java:116) ~[spring-web-6.0.8.jar:6.0.8]
	at org.apache.catalina.core.ApplicationFilterChain.internalDoFilter(ApplicationFilterChain.java:174) ~[tomcat-embed-core-10.1.8.jar:10.1.8]
	at org.apache.catalina.core.ApplicationFilterChain.doFilter(ApplicationFilterChain.java:149) ~[tomcat-embed-core-10.1.8.jar:10.1.8]
	at org.springframework.web.filter.FormContentFilter.doFilterInternal(FormContentFilter.java:93) ~[spring-web-6.0.8.jar:6.0.8]
	at org.springframework.web.filter.OncePerRequestFilter.doFilter(OncePerRequestFilter.java:116) ~[spring-web-6.0.8.jar:6.0.8]
	at org.apache.catalina.core.ApplicationFilterChain.internalDoFilter(ApplicationFilterChain.java:174) ~[tomcat-embed-core-10.1.8.jar:10.1.8]
	at org.apache.catalina.core.ApplicationFilterChain.doFilter(ApplicationFilterChain.java:149) ~[tomcat-embed-core-10.1.8.jar:10.1.8]
	at org.springframework.web.filter.CharacterEncodingFilter.doFilterInternal(CharacterEncodingFilter.java:201) ~[spring-web-6.0.8.jar:6.0.8]
	at org.springframework.web.filter.OncePerRequestFilter.doFilter(OncePerRequestFilter.java:116) ~[spring-web-6.0.8.jar:6.0.8]
	at org.apache.catalina.core.ApplicationFilterChain.internalDoFilter(ApplicationFilterChain.java:174) ~[tomcat-embed-core-10.1.8.jar:10.1.8]
	at org.apache.catalina.core.ApplicationFilterChain.doFilter(ApplicationFilterChain.java:149) ~[tomcat-embed-core-10.1.8.jar:10.1.8]
	at org.apache.catalina.core.StandardWrapperValve.invoke(StandardWrapperValve.java:166) ~[tomcat-embed-core-10.1.8.jar:10.1.8]
	at org.apache.catalina.core.StandardContextValve.invoke(StandardContextValve.java:90) ~[tomcat-embed-core-10.1.8.jar:10.1.8]
	at org.apache.catalina.authenticator.AuthenticatorBase.invoke(AuthenticatorBase.java:482) ~[tomcat-embed-core-10.1.8.jar:10.1.8]
	at org.apache.catalina.core.StandardHostValve.invoke(StandardHostValve.java:115) ~[tomcat-embed-core-10.1.8.jar:10.1.8]
	at org.apache.catalina.valves.ErrorReportValve.invoke(ErrorReportValve.java:93) ~[tomcat-embed-core-10.1.8.jar:10.1.8]
	at org.apache.catalina.core.StandardEngineValve.invoke(StandardEngineValve.java:74) ~[tomcat-embed-core-10.1.8.jar:10.1.8]
	at org.apache.catalina.connector.CoyoteAdapter.service(CoyoteAdapter.java:341) ~[tomcat-embed-core-10.1.8.jar:10.1.8]
	at org.apache.coyote.http11.Http11Processor.service(Http11Processor.java:390) ~[tomcat-embed-core-10.1.8.jar:10.1.8]
	at org.apache.coyote.AbstractProcessorLight.process(AbstractProcessorLight.java:63) ~[tomcat-embed-core-10.1.8.jar:10.1.8]
	at org.apache.coyote.AbstractProtocol$ConnectionHandler.process(AbstractProtocol.java:894) ~[tomcat-embed-core-10.1.8.jar:10.1.8]
	at org.apache.tomcat.util.net.NioEndpoint$SocketProcessor.doRun(NioEndpoint.java:1741) ~[tomcat-embed-core-10.1.8.jar:10.1.8]
	at org.apache.tomcat.util.net.SocketProcessorBase.run(SocketProcessorBase.java:52) ~[tomcat-embed-core-10.1.8.jar:10.1.8]
	at org.apache.tomcat.util.threads.ThreadPoolExecutor.runWorker(ThreadPoolExecutor.java:1191) ~[tomcat-embed-core-10.1.8.jar:10.1.8]
	at org.apache.tomcat.util.threads.ThreadPoolExecutor$Worker.run(ThreadPoolExecutor.java:659) ~[tomcat-embed-core-10.1.8.jar:10.1.8]
	at org.apache.tomcat.util.threads.TaskThread$WrappingRunnable.run(TaskThread.java:61) ~[tomcat-embed-core-10.1.8.jar:10.1.8]
	at java.base/java.lang.Thread.run(Thread.java:833) ~[na:na]

2023-04-27T06:18:07.337+05:30  INFO 26696 --- [AsyncResolver-bootstrap-executor-0] c.n.d.s.r.aws.ConfigClusterResolver      : Resolving eureka endpoints via configuration
2023-04-27T06:23:07.349+05:30  INFO 26696 --- [AsyncResolver-bootstrap-executor-0] c.n.d.s.r.aws.ConfigClusterResolver      : Resolving eureka endpoints via configuration
2023-04-27T06:27:40.959+05:30  INFO 26696 --- [SpringApplicationShutdownHook] o.s.c.n.e.s.EurekaServiceRegistry        : Unregistering application EMPLOYEE-SERVICE with eureka with status DOWN
2023-04-27T06:27:40.959+05:30  INFO 26696 --- [SpringApplicationShutdownHook] com.netflix.discovery.DiscoveryClient    : Saw local status change event StatusChangeEvent [timestamp=1682557060959, current=DOWN, previous=UP]
2023-04-27T06:27:40.959+05:30  INFO 26696 --- [DiscoveryClient-InstanceInfoReplicator-0] com.netflix.discovery.DiscoveryClient    : DiscoveryClient_EMPLOYEE-SERVICE/inlen8520081760.corp.capgemini.com:Employee-Service:8050: registering service...
2023-04-27T06:27:40.967+05:30  INFO 26696 --- [DiscoveryClient-InstanceInfoReplicator-0] com.netflix.discovery.DiscoveryClient    : DiscoveryClient_EMPLOYEE-SERVICE/inlen8520081760.corp.capgemini.com:Employee-Service:8050 - registration status: 204
2023-04-27T06:27:42.130+05:30  INFO 26696 --- [SpringApplicationShutdownHook] com.netflix.discovery.DiscoveryClient    : Shutting down DiscoveryClient ...
2023-04-27T06:27:45.136+05:30  INFO 26696 --- [SpringApplicationShutdownHook] com.netflix.discovery.DiscoveryClient    : Unregistering ...
2023-04-27T06:27:45.143+05:30  INFO 26696 --- [SpringApplicationShutdownHook] com.netflix.discovery.DiscoveryClient    : DiscoveryClient_EMPLOYEE-SERVICE/inlen8520081760.corp.capgemini.com:Employee-Service:8050 - deregister  status: 200
2023-04-27T06:27:45.145+05:30  INFO 26696 --- [SpringApplicationShutdownHook] com.netflix.discovery.DiscoveryClient    : Completed shut down of DiscoveryClient
2023-04-27T06:27:49.368+05:30  INFO 11772 --- [restartedMain] com.task.employee.EmployeeApplication    : Starting EmployeeApplication using Java 17.0.4.1 with PID 11772 (C:\Cox Task\employee\target\classes started by ssaathvi in C:\Cox Task\employee)
2023-04-27T06:27:49.371+05:30  INFO 11772 --- [restartedMain] com.task.employee.EmployeeApplication    : No active profile set, falling back to 1 default profile: "default"
2023-04-27T06:27:49.416+05:30  INFO 11772 --- [restartedMain] .e.DevToolsPropertyDefaultsPostProcessor : Devtools property defaults active! Set 'spring.devtools.add-properties' to 'false' to disable
2023-04-27T06:27:49.417+05:30  INFO 11772 --- [restartedMain] .e.DevToolsPropertyDefaultsPostProcessor : For additional web related logging consider setting the 'logging.level.web' property to 'DEBUG'
2023-04-27T06:27:50.019+05:30  INFO 11772 --- [restartedMain] .s.d.r.c.RepositoryConfigurationDelegate : Bootstrapping Spring Data MongoDB repositories in DEFAULT mode.
2023-04-27T06:27:50.146+05:30  INFO 11772 --- [restartedMain] .s.d.r.c.RepositoryConfigurationDelegate : Finished Spring Data repository scanning in 119 ms. Found 1 MongoDB repository interfaces.
2023-04-27T06:27:50.382+05:30  INFO 11772 --- [restartedMain] o.s.cloud.context.scope.GenericScope     : BeanFactory id=e01c8b37-9e18-380d-ac60-b0af6b1f8eac
2023-04-27T06:27:50.854+05:30  INFO 11772 --- [restartedMain] o.s.b.w.embedded.tomcat.TomcatWebServer  : Tomcat initialized with port(s): 8050 (http)
2023-04-27T06:27:50.862+05:30  INFO 11772 --- [restartedMain] o.apache.catalina.core.StandardService   : Starting service [Tomcat]
2023-04-27T06:27:50.863+05:30  INFO 11772 --- [restartedMain] o.apache.catalina.core.StandardEngine    : Starting Servlet engine: [Apache Tomcat/10.1.8]
2023-04-27T06:27:50.924+05:30  INFO 11772 --- [restartedMain] o.a.c.c.C.[Tomcat].[localhost].[/]       : Initializing Spring embedded WebApplicationContext
2023-04-27T06:27:50.925+05:30  INFO 11772 --- [restartedMain] w.s.c.ServletWebServerApplicationContext : Root WebApplicationContext: initialization completed in 1507 ms
2023-04-27T06:27:51.196+05:30  INFO 11772 --- [restartedMain] org.mongodb.driver.client                : MongoClient with metadata {"driver": {"name": "mongo-java-driver|sync|spring-boot", "version": "4.8.2"}, "os": {"type": "Windows", "name": "Windows 11", "architecture": "amd64", "version": "10.0"}, "platform": "Java/Amazon.com Inc./17.0.4.1+9-LTS"} created with settings MongoClientSettings{readPreference=primary, writeConcern=WriteConcern{w=majority, wTimeout=null ms, journal=null}, retryWrites=true, retryReads=true, readConcern=ReadConcern{level=null}, credential=MongoCredential{mechanism=null, userName='ssaathvik123', source='admin', password=<hidden>, mechanismProperties=<hidden>}, streamFactoryFactory=null, commandListeners=[], codecRegistry=ProvidersCodecRegistry{codecProviders=[ValueCodecProvider{}, BsonValueCodecProvider{}, DBRefCodecProvider{}, DBObjectCodecProvider{}, DocumentCodecProvider{}, CollectionCodecProvider{}, IterableCodecProvider{}, MapCodecProvider{}, GeoJsonCodecProvider{}, GridFSFileCodecProvider{}, Jsr310CodecProvider{}, JsonObjectCodecProvider{}, BsonCodecProvider{}, EnumCodecProvider{}, com.mongodb.Jep395RecordCodecProvider@16a784d1]}, clusterSettings={hosts=[127.0.0.1:27017], srvHost=cluster0.igiuzpj.mongodb.net, srvServiceName=mongodb, mode=MULTIPLE, requiredClusterType=REPLICA_SET, requiredReplicaSetName='atlas-64lyjo-shard-0', serverSelector='null', clusterListeners='[]', serverSelectionTimeout='30000 ms', localThreshold='30000 ms'}, socketSettings=SocketSettings{connectTimeoutMS=10000, readTimeoutMS=0, receiveBufferSize=0, sendBufferSize=0}, heartbeatSocketSettings=SocketSettings{connectTimeoutMS=10000, readTimeoutMS=10000, receiveBufferSize=0, sendBufferSize=0}, connectionPoolSettings=ConnectionPoolSettings{maxSize=100, minSize=0, maxWaitTimeMS=120000, maxConnectionLifeTimeMS=0, maxConnectionIdleTimeMS=0, maintenanceInitialDelayMS=0, maintenanceFrequencyMS=60000, connectionPoolListeners=[], maxConnecting=2}, serverSettings=ServerSettings{heartbeatFrequencyMS=10000, minHeartbeatFrequencyMS=500, serverListeners='[]', serverMonitorListeners='[]'}, sslSettings=SslSettings{enabled=true, invalidHostNameAllowed=false, context=null}, applicationName='null', compressorList=[], uuidRepresentation=JAVA_LEGACY, serverApi=null, autoEncryptionSettings=null, contextProvider=null}
2023-04-27T06:27:51.252+05:30  INFO 11772 --- [cluster-ClusterId{value='6449c88fba83471ffc0d4a19', description='null'}-srv-cluster0.igiuzpj.mongodb.net] org.mongodb.driver.cluster               : Adding discovered server ac-zxufz0t-shard-00-02.igiuzpj.mongodb.net:27017 to client view of cluster
2023-04-27T06:27:51.283+05:30  INFO 11772 --- [cluster-ClusterId{value='6449c88fba83471ffc0d4a19', description='null'}-srv-cluster0.igiuzpj.mongodb.net] org.mongodb.driver.cluster               : Adding discovered server ac-zxufz0t-shard-00-00.igiuzpj.mongodb.net:27017 to client view of cluster
2023-04-27T06:27:51.284+05:30  INFO 11772 --- [cluster-ClusterId{value='6449c88fba83471ffc0d4a19', description='null'}-srv-cluster0.igiuzpj.mongodb.net] org.mongodb.driver.cluster               : Adding discovered server ac-zxufz0t-shard-00-01.igiuzpj.mongodb.net:27017 to client view of cluster
2023-04-27T06:27:51.454+05:30  WARN 11772 --- [restartedMain] o.s.b.d.a.OptionalLiveReloadServer       : Unable to start LiveReload server
2023-04-27T06:27:52.126+05:30  INFO 11772 --- [restartedMain] DiscoveryClientOptionalArgsConfiguration : Eureka HTTP Client uses RestTemplate.
2023-04-27T06:27:52.308+05:30  WARN 11772 --- [restartedMain] iguration$LoadBalancerCaffeineWarnLogger : Spring Cloud LoadBalancer is currently working with the default cache. While this cache implementation is useful for development and tests, it's recommended to use Caffeine cache in production.You can switch to using Caffeine cache, by adding it and org.springframework.cache.caffeine.CaffeineCacheManager to the classpath.
2023-04-27T06:27:52.338+05:30  INFO 11772 --- [restartedMain] o.s.c.n.eureka.InstanceInfoFactory       : Setting initial instance status as: STARTING
2023-04-27T06:27:52.425+05:30  INFO 11772 --- [restartedMain] com.netflix.discovery.DiscoveryClient    : Initializing Eureka in region us-east-1
2023-04-27T06:27:52.437+05:30  INFO 11772 --- [restartedMain] c.n.d.s.r.aws.ConfigClusterResolver      : Resolving eureka endpoints via configuration
2023-04-27T06:27:52.440+05:30  INFO 11772 --- [cluster-ClusterId{value='6449c88fba83471ffc0d4a19', description='null'}-ac-zxufz0t-shard-00-00.igiuzpj.mongodb.net:27017] org.mongodb.driver.cluster               : Monitor thread successfully connected to server with description ServerDescription{address=ac-zxufz0t-shard-00-00.igiuzpj.mongodb.net:27017, type=REPLICA_SET_SECONDARY, state=CONNECTED, ok=true, minWireVersion=0, maxWireVersion=17, maxDocumentSize=16777216, logicalSessionTimeoutMinutes=30, roundTripTimeNanos=733243700, setName='atlas-64lyjo-shard-0', canonicalAddress=ac-zxufz0t-shard-00-00.igiuzpj.mongodb.net:27017, hosts=[ac-zxufz0t-shard-00-01.igiuzpj.mongodb.net:27017, ac-zxufz0t-shard-00-00.igiuzpj.mongodb.net:27017, ac-zxufz0t-shard-00-02.igiuzpj.mongodb.net:27017], passives=[], arbiters=[], primary='ac-zxufz0t-shard-00-01.igiuzpj.mongodb.net:27017', tagSet=TagSet{[Tag{name='nodeType', value='ELECTABLE'}, Tag{name='provider', value='AWS'}, Tag{name='region', value='US_EAST_1'}, Tag{name='workloadType', value='OPERATIONAL'}]}, electionId=null, setVersion=9, topologyVersion=TopologyVersion{processId=644975957bafc83c4aa89693, counter=4}, lastWriteDate=Thu Apr 27 06:27:52 IST 2023, lastUpdateTimeNanos=36378626272600}
2023-04-27T06:27:52.440+05:30  INFO 11772 --- [cluster-ClusterId{value='6449c88fba83471ffc0d4a19', description='null'}-ac-zxufz0t-shard-00-02.igiuzpj.mongodb.net:27017] org.mongodb.driver.cluster               : Monitor thread successfully connected to server with description ServerDescription{address=ac-zxufz0t-shard-00-02.igiuzpj.mongodb.net:27017, type=REPLICA_SET_SECONDARY, state=CONNECTED, ok=true, minWireVersion=0, maxWireVersion=17, maxDocumentSize=16777216, logicalSessionTimeoutMinutes=30, roundTripTimeNanos=727537200, setName='atlas-64lyjo-shard-0', canonicalAddress=ac-zxufz0t-shard-00-02.igiuzpj.mongodb.net:27017, hosts=[ac-zxufz0t-shard-00-01.igiuzpj.mongodb.net:27017, ac-zxufz0t-shard-00-00.igiuzpj.mongodb.net:27017, ac-zxufz0t-shard-00-02.igiuzpj.mongodb.net:27017], passives=[], arbiters=[], primary='ac-zxufz0t-shard-00-01.igiuzpj.mongodb.net:27017', tagSet=TagSet{[Tag{name='nodeType', value='ELECTABLE'}, Tag{name='provider', value='AWS'}, Tag{name='region', value='US_EAST_1'}, Tag{name='workloadType', value='OPERATIONAL'}]}, electionId=null, setVersion=9, topologyVersion=TopologyVersion{processId=6449787aaec46acbf0152b97, counter=3}, lastWriteDate=Thu Apr 27 06:27:52 IST 2023, lastUpdateTimeNanos=36378626272500}
2023-04-27T06:27:52.463+05:30  INFO 11772 --- [restartedMain] com.netflix.discovery.DiscoveryClient    : Disable delta property : false
2023-04-27T06:27:52.464+05:30  INFO 11772 --- [restartedMain] com.netflix.discovery.DiscoveryClient    : Single vip registry refresh property : null
2023-04-27T06:27:52.464+05:30  INFO 11772 --- [restartedMain] com.netflix.discovery.DiscoveryClient    : Force full registry fetch : false
2023-04-27T06:27:52.464+05:30  INFO 11772 --- [restartedMain] com.netflix.discovery.DiscoveryClient    : Application is null : false
2023-04-27T06:27:52.464+05:30  INFO 11772 --- [restartedMain] com.netflix.discovery.DiscoveryClient    : Registered Applications size is zero : true
2023-04-27T06:27:52.464+05:30  INFO 11772 --- [restartedMain] com.netflix.discovery.DiscoveryClient    : Application version is -1: true
2023-04-27T06:27:52.464+05:30  INFO 11772 --- [restartedMain] com.netflix.discovery.DiscoveryClient    : Getting all instance registry info from the eureka server
2023-04-27T06:27:52.471+05:30  INFO 11772 --- [cluster-ClusterId{value='6449c88fba83471ffc0d4a19', description='null'}-ac-zxufz0t-shard-00-01.igiuzpj.mongodb.net:27017] org.mongodb.driver.cluster               : Monitor thread successfully connected to server with description ServerDescription{address=ac-zxufz0t-shard-00-01.igiuzpj.mongodb.net:27017, type=REPLICA_SET_PRIMARY, state=CONNECTED, ok=true, minWireVersion=0, maxWireVersion=17, maxDocumentSize=16777216, logicalSessionTimeoutMinutes=30, roundTripTimeNanos=766171700, setName='atlas-64lyjo-shard-0', canonicalAddress=ac-zxufz0t-shard-00-01.igiuzpj.mongodb.net:27017, hosts=[ac-zxufz0t-shard-00-01.igiuzpj.mongodb.net:27017, ac-zxufz0t-shard-00-00.igiuzpj.mongodb.net:27017, ac-zxufz0t-shard-00-02.igiuzpj.mongodb.net:27017], passives=[], arbiters=[], primary='ac-zxufz0t-shard-00-01.igiuzpj.mongodb.net:27017', tagSet=TagSet{[Tag{name='nodeType', value='ELECTABLE'}, Tag{name='provider', value='AWS'}, Tag{name='region', value='US_EAST_1'}, Tag{name='workloadType', value='OPERATIONAL'}]}, electionId=7fffffff0000000000000099, setVersion=9, topologyVersion=TopologyVersion{processId=6449773808a24f2d2b20e252, counter=6}, lastWriteDate=Thu Apr 27 06:27:52 IST 2023, lastUpdateTimeNanos=36378659188400}
2023-04-27T06:27:52.473+05:30  INFO 11772 --- [cluster-ClusterId{value='6449c88fba83471ffc0d4a19', description='null'}-ac-zxufz0t-shard-00-01.igiuzpj.mongodb.net:27017] org.mongodb.driver.cluster               : Discovered replica set primary ac-zxufz0t-shard-00-01.igiuzpj.mongodb.net:27017 with max election id 7fffffff0000000000000099 and max set version 9
2023-04-27T06:27:52.773+05:30  INFO 11772 --- [restartedMain] com.netflix.discovery.DiscoveryClient    : The response status is 200
2023-04-27T06:27:52.776+05:30  INFO 11772 --- [restartedMain] com.netflix.discovery.DiscoveryClient    : Starting heartbeat executor: renew interval is: 30
2023-04-27T06:27:52.779+05:30  INFO 11772 --- [restartedMain] c.n.discovery.InstanceInfoReplicator     : InstanceInfoReplicator onDemand update allowed rate per min is 4
2023-04-27T06:27:52.793+05:30  INFO 11772 --- [restartedMain] com.netflix.discovery.DiscoveryClient    : Discovery Client initialized at timestamp 1682557072785 with initial instances count: 3
2023-04-27T06:27:52.796+05:30  INFO 11772 --- [restartedMain] o.s.c.n.e.s.EurekaServiceRegistry        : Registering application EMPLOYEE-SERVICE with eureka with status UP
2023-04-27T06:27:52.796+05:30  INFO 11772 --- [restartedMain] com.netflix.discovery.DiscoveryClient    : Saw local status change event StatusChangeEvent [timestamp=1682557072796, current=UP, previous=STARTING]
2023-04-27T06:27:52.798+05:30  INFO 11772 --- [DiscoveryClient-InstanceInfoReplicator-0] com.netflix.discovery.DiscoveryClient    : DiscoveryClient_EMPLOYEE-SERVICE/inlen8520081760.corp.capgemini.com:Employee-Service:8050: registering service...
2023-04-27T06:27:52.826+05:30  INFO 11772 --- [restartedMain] o.s.b.w.embedded.tomcat.TomcatWebServer  : Tomcat started on port(s): 8050 (http) with context path ''
2023-04-27T06:27:52.828+05:30  INFO 11772 --- [restartedMain] .s.c.n.e.s.EurekaAutoServiceRegistration : Updating port to 8050
2023-04-27T06:27:52.844+05:30  INFO 11772 --- [DiscoveryClient-InstanceInfoReplicator-0] com.netflix.discovery.DiscoveryClient    : DiscoveryClient_EMPLOYEE-SERVICE/inlen8520081760.corp.capgemini.com:Employee-Service:8050 - registration status: 204
2023-04-27T06:27:52.930+05:30  INFO 11772 --- [restartedMain] com.task.employee.EmployeeApplication    : Started EmployeeApplication in 4.091 seconds (process running for 4.59)
2023-04-27T06:28:25.607+05:30  INFO 11772 --- [http-nio-8050-exec-1] o.a.c.c.C.[Tomcat].[localhost].[/]       : Initializing Spring DispatcherServlet 'dispatcherServlet'
2023-04-27T06:28:25.607+05:30  INFO 11772 --- [http-nio-8050-exec-1] o.s.web.servlet.DispatcherServlet        : Initializing Servlet 'dispatcherServlet'
2023-04-27T06:28:25.608+05:30  INFO 11772 --- [http-nio-8050-exec-1] o.s.web.servlet.DispatcherServlet        : Completed initialization in 1 ms
2023-04-27T06:28:25.657+05:30  INFO 11772 --- [http-nio-8050-exec-1] c.t.e.controller.EmployeeController      : [addDept] info message added
2023-04-27T06:29:22.209+05:30  INFO 11772 --- [SpringApplicationShutdownHook] o.s.c.n.e.s.EurekaServiceRegistry        : Unregistering application EMPLOYEE-SERVICE with eureka with status DOWN
2023-04-27T06:29:22.209+05:30  INFO 11772 --- [SpringApplicationShutdownHook] com.netflix.discovery.DiscoveryClient    : Saw local status change event StatusChangeEvent [timestamp=1682557162209, current=DOWN, previous=UP]
2023-04-27T06:29:22.210+05:30  INFO 11772 --- [DiscoveryClient-InstanceInfoReplicator-0] com.netflix.discovery.DiscoveryClient    : DiscoveryClient_EMPLOYEE-SERVICE/inlen8520081760.corp.capgemini.com:Employee-Service:8050: registering service...
2023-04-27T06:29:22.214+05:30  INFO 11772 --- [DiscoveryClient-InstanceInfoReplicator-0] com.netflix.discovery.DiscoveryClient    : DiscoveryClient_EMPLOYEE-SERVICE/inlen8520081760.corp.capgemini.com:Employee-Service:8050 - registration status: 204
2023-04-27T06:29:32.826+05:30  INFO 11772 --- [SpringApplicationShutdownHook] com.netflix.discovery.DiscoveryClient    : Shutting down DiscoveryClient ...
2023-04-27T06:29:35.843+05:30  INFO 11772 --- [SpringApplicationShutdownHook] com.netflix.discovery.DiscoveryClient    : Unregistering ...
2023-04-27T06:29:35.851+05:30  INFO 11772 --- [SpringApplicationShutdownHook] com.netflix.discovery.DiscoveryClient    : DiscoveryClient_EMPLOYEE-SERVICE/inlen8520081760.corp.capgemini.com:Employee-Service:8050 - deregister  status: 200
2023-04-27T06:29:35.855+05:30  INFO 11772 --- [SpringApplicationShutdownHook] com.netflix.discovery.DiscoveryClient    : Completed shut down of DiscoveryClient
2023-04-27T06:29:39.470+05:30  INFO 4704 --- [restartedMain] com.task.employee.EmployeeApplication    : Starting EmployeeApplication using Java 17.0.4.1 with PID 4704 (C:\Cox Task\employee\target\classes started by ssaathvi in C:\Cox Task\employee)
2023-04-27T06:29:39.474+05:30  INFO 4704 --- [restartedMain] com.task.employee.EmployeeApplication    : No active profile set, falling back to 1 default profile: "default"
2023-04-27T06:29:39.536+05:30  INFO 4704 --- [restartedMain] .e.DevToolsPropertyDefaultsPostProcessor : Devtools property defaults active! Set 'spring.devtools.add-properties' to 'false' to disable
2023-04-27T06:29:39.536+05:30  INFO 4704 --- [restartedMain] .e.DevToolsPropertyDefaultsPostProcessor : For additional web related logging consider setting the 'logging.level.web' property to 'DEBUG'
2023-04-27T06:29:40.192+05:30  INFO 4704 --- [restartedMain] .s.d.r.c.RepositoryConfigurationDelegate : Bootstrapping Spring Data MongoDB repositories in DEFAULT mode.
2023-04-27T06:29:40.329+05:30  INFO 4704 --- [restartedMain] .s.d.r.c.RepositoryConfigurationDelegate : Finished Spring Data repository scanning in 132 ms. Found 1 MongoDB repository interfaces.
2023-04-27T06:29:40.569+05:30  INFO 4704 --- [restartedMain] o.s.cloud.context.scope.GenericScope     : BeanFactory id=e01c8b37-9e18-380d-ac60-b0af6b1f8eac
2023-04-27T06:29:41.054+05:30  INFO 4704 --- [restartedMain] o.s.b.w.embedded.tomcat.TomcatWebServer  : Tomcat initialized with port(s): 8050 (http)
2023-04-27T06:29:41.063+05:30  INFO 4704 --- [restartedMain] o.apache.catalina.core.StandardService   : Starting service [Tomcat]
2023-04-27T06:29:41.063+05:30  INFO 4704 --- [restartedMain] o.apache.catalina.core.StandardEngine    : Starting Servlet engine: [Apache Tomcat/10.1.8]
2023-04-27T06:29:41.121+05:30  INFO 4704 --- [restartedMain] o.a.c.c.C.[Tomcat].[localhost].[/]       : Initializing Spring embedded WebApplicationContext
2023-04-27T06:29:41.122+05:30  INFO 4704 --- [restartedMain] w.s.c.ServletWebServerApplicationContext : Root WebApplicationContext: initialization completed in 1584 ms
2023-04-27T06:29:41.403+05:30  INFO 4704 --- [restartedMain] org.mongodb.driver.client                : MongoClient with metadata {"driver": {"name": "mongo-java-driver|sync|spring-boot", "version": "4.8.2"}, "os": {"type": "Windows", "name": "Windows 11", "architecture": "amd64", "version": "10.0"}, "platform": "Java/Amazon.com Inc./17.0.4.1+9-LTS"} created with settings MongoClientSettings{readPreference=primary, writeConcern=WriteConcern{w=majority, wTimeout=null ms, journal=null}, retryWrites=true, retryReads=true, readConcern=ReadConcern{level=null}, credential=MongoCredential{mechanism=null, userName='ssaathvik123', source='admin', password=<hidden>, mechanismProperties=<hidden>}, streamFactoryFactory=null, commandListeners=[], codecRegistry=ProvidersCodecRegistry{codecProviders=[ValueCodecProvider{}, BsonValueCodecProvider{}, DBRefCodecProvider{}, DBObjectCodecProvider{}, DocumentCodecProvider{}, CollectionCodecProvider{}, IterableCodecProvider{}, MapCodecProvider{}, GeoJsonCodecProvider{}, GridFSFileCodecProvider{}, Jsr310CodecProvider{}, JsonObjectCodecProvider{}, BsonCodecProvider{}, EnumCodecProvider{}, com.mongodb.Jep395RecordCodecProvider@4991cec8]}, clusterSettings={hosts=[127.0.0.1:27017], srvHost=cluster0.igiuzpj.mongodb.net, srvServiceName=mongodb, mode=MULTIPLE, requiredClusterType=REPLICA_SET, requiredReplicaSetName='atlas-64lyjo-shard-0', serverSelector='null', clusterListeners='[]', serverSelectionTimeout='30000 ms', localThreshold='30000 ms'}, socketSettings=SocketSettings{connectTimeoutMS=10000, readTimeoutMS=0, receiveBufferSize=0, sendBufferSize=0}, heartbeatSocketSettings=SocketSettings{connectTimeoutMS=10000, readTimeoutMS=10000, receiveBufferSize=0, sendBufferSize=0}, connectionPoolSettings=ConnectionPoolSettings{maxSize=100, minSize=0, maxWaitTimeMS=120000, maxConnectionLifeTimeMS=0, maxConnectionIdleTimeMS=0, maintenanceInitialDelayMS=0, maintenanceFrequencyMS=60000, connectionPoolListeners=[], maxConnecting=2}, serverSettings=ServerSettings{heartbeatFrequencyMS=10000, minHeartbeatFrequencyMS=500, serverListeners='[]', serverMonitorListeners='[]'}, sslSettings=SslSettings{enabled=true, invalidHostNameAllowed=false, context=null}, applicationName='null', compressorList=[], uuidRepresentation=JAVA_LEGACY, serverApi=null, autoEncryptionSettings=null, contextProvider=null}
2023-04-27T06:29:41.421+05:30  INFO 4704 --- [cluster-ClusterId{value='6449c8fdcf97431a7ae1cd7d', description='null'}-srv-cluster0.igiuzpj.mongodb.net] org.mongodb.driver.cluster               : Adding discovered server ac-zxufz0t-shard-00-02.igiuzpj.mongodb.net:27017 to client view of cluster
2023-04-27T06:29:41.445+05:30  INFO 4704 --- [cluster-ClusterId{value='6449c8fdcf97431a7ae1cd7d', description='null'}-srv-cluster0.igiuzpj.mongodb.net] org.mongodb.driver.cluster               : Adding discovered server ac-zxufz0t-shard-00-00.igiuzpj.mongodb.net:27017 to client view of cluster
2023-04-27T06:29:41.446+05:30  INFO 4704 --- [cluster-ClusterId{value='6449c8fdcf97431a7ae1cd7d', description='null'}-srv-cluster0.igiuzpj.mongodb.net] org.mongodb.driver.cluster               : Adding discovered server ac-zxufz0t-shard-00-01.igiuzpj.mongodb.net:27017 to client view of cluster
2023-04-27T06:29:41.656+05:30  WARN 4704 --- [restartedMain] o.s.b.d.a.OptionalLiveReloadServer       : Unable to start LiveReload server
2023-04-27T06:29:42.327+05:30  INFO 4704 --- [restartedMain] DiscoveryClientOptionalArgsConfiguration : Eureka HTTP Client uses RestTemplate.
2023-04-27T06:29:42.469+05:30  WARN 4704 --- [restartedMain] iguration$LoadBalancerCaffeineWarnLogger : Spring Cloud LoadBalancer is currently working with the default cache. While this cache implementation is useful for development and tests, it's recommended to use Caffeine cache in production.You can switch to using Caffeine cache, by adding it and org.springframework.cache.caffeine.CaffeineCacheManager to the classpath.
2023-04-27T06:29:42.488+05:30  INFO 4704 --- [restartedMain] o.s.c.n.eureka.InstanceInfoFactory       : Setting initial instance status as: STARTING
2023-04-27T06:29:42.572+05:30  INFO 4704 --- [restartedMain] com.netflix.discovery.DiscoveryClient    : Initializing Eureka in region us-east-1
2023-04-27T06:29:42.578+05:30  INFO 4704 --- [restartedMain] c.n.d.s.r.aws.ConfigClusterResolver      : Resolving eureka endpoints via configuration
2023-04-27T06:29:42.605+05:30  INFO 4704 --- [restartedMain] com.netflix.discovery.DiscoveryClient    : Disable delta property : false
2023-04-27T06:29:42.605+05:30  INFO 4704 --- [restartedMain] com.netflix.discovery.DiscoveryClient    : Single vip registry refresh property : null
2023-04-27T06:29:42.605+05:30  INFO 4704 --- [restartedMain] com.netflix.discovery.DiscoveryClient    : Force full registry fetch : false
2023-04-27T06:29:42.605+05:30  INFO 4704 --- [restartedMain] com.netflix.discovery.DiscoveryClient    : Application is null : false
2023-04-27T06:29:42.606+05:30  INFO 4704 --- [restartedMain] com.netflix.discovery.DiscoveryClient    : Registered Applications size is zero : true
2023-04-27T06:29:42.606+05:30  INFO 4704 --- [restartedMain] com.netflix.discovery.DiscoveryClient    : Application version is -1: true
2023-04-27T06:29:42.606+05:30  INFO 4704 --- [restartedMain] com.netflix.discovery.DiscoveryClient    : Getting all instance registry info from the eureka server
2023-04-27T06:29:42.611+05:30  INFO 4704 --- [cluster-ClusterId{value='6449c8fdcf97431a7ae1cd7d', description='null'}-ac-zxufz0t-shard-00-01.igiuzpj.mongodb.net:27017] org.mongodb.driver.cluster               : Monitor thread successfully connected to server with description ServerDescription{address=ac-zxufz0t-shard-00-01.igiuzpj.mongodb.net:27017, type=REPLICA_SET_PRIMARY, state=CONNECTED, ok=true, minWireVersion=0, maxWireVersion=17, maxDocumentSize=16777216, logicalSessionTimeoutMinutes=30, roundTripTimeNanos=756465200, setName='atlas-64lyjo-shard-0', canonicalAddress=ac-zxufz0t-shard-00-01.igiuzpj.mongodb.net:27017, hosts=[ac-zxufz0t-shard-00-01.igiuzpj.mongodb.net:27017, ac-zxufz0t-shard-00-00.igiuzpj.mongodb.net:27017, ac-zxufz0t-shard-00-02.igiuzpj.mongodb.net:27017], passives=[], arbiters=[], primary='ac-zxufz0t-shard-00-01.igiuzpj.mongodb.net:27017', tagSet=TagSet{[Tag{name='nodeType', value='ELECTABLE'}, Tag{name='provider', value='AWS'}, Tag{name='region', value='US_EAST_1'}, Tag{name='workloadType', value='OPERATIONAL'}]}, electionId=7fffffff0000000000000099, setVersion=9, topologyVersion=TopologyVersion{processId=6449773808a24f2d2b20e252, counter=6}, lastWriteDate=Thu Apr 27 06:29:42 IST 2023, lastUpdateTimeNanos=36488797689900}
2023-04-27T06:29:42.611+05:30  INFO 4704 --- [cluster-ClusterId{value='6449c8fdcf97431a7ae1cd7d', description='null'}-ac-zxufz0t-shard-00-02.igiuzpj.mongodb.net:27017] org.mongodb.driver.cluster               : Monitor thread successfully connected to server with description ServerDescription{address=ac-zxufz0t-shard-00-02.igiuzpj.mongodb.net:27017, type=REPLICA_SET_SECONDARY, state=CONNECTED, ok=true, minWireVersion=0, maxWireVersion=17, maxDocumentSize=16777216, logicalSessionTimeoutMinutes=30, roundTripTimeNanos=759724100, setName='atlas-64lyjo-shard-0', canonicalAddress=ac-zxufz0t-shard-00-02.igiuzpj.mongodb.net:27017, hosts=[ac-zxufz0t-shard-00-01.igiuzpj.mongodb.net:27017, ac-zxufz0t-shard-00-00.igiuzpj.mongodb.net:27017, ac-zxufz0t-shard-00-02.igiuzpj.mongodb.net:27017], passives=[], arbiters=[], primary='ac-zxufz0t-shard-00-01.igiuzpj.mongodb.net:27017', tagSet=TagSet{[Tag{name='nodeType', value='ELECTABLE'}, Tag{name='provider', value='AWS'}, Tag{name='region', value='US_EAST_1'}, Tag{name='workloadType', value='OPERATIONAL'}]}, electionId=null, setVersion=9, topologyVersion=TopologyVersion{processId=6449787aaec46acbf0152b97, counter=3}, lastWriteDate=Thu Apr 27 06:29:42 IST 2023, lastUpdateTimeNanos=36488797689900}
2023-04-27T06:29:42.611+05:30  INFO 4704 --- [cluster-ClusterId{value='6449c8fdcf97431a7ae1cd7d', description='null'}-ac-zxufz0t-shard-00-00.igiuzpj.mongodb.net:27017] org.mongodb.driver.cluster               : Monitor thread successfully connected to server with description ServerDescription{address=ac-zxufz0t-shard-00-00.igiuzpj.mongodb.net:27017, type=REPLICA_SET_SECONDARY, state=CONNECTED, ok=true, minWireVersion=0, maxWireVersion=17, maxDocumentSize=16777216, logicalSessionTimeoutMinutes=30, roundTripTimeNanos=759738300, setName='atlas-64lyjo-shard-0', canonicalAddress=ac-zxufz0t-shard-00-00.igiuzpj.mongodb.net:27017, hosts=[ac-zxufz0t-shard-00-01.igiuzpj.mongodb.net:27017, ac-zxufz0t-shard-00-00.igiuzpj.mongodb.net:27017, ac-zxufz0t-shard-00-02.igiuzpj.mongodb.net:27017], passives=[], arbiters=[], primary='ac-zxufz0t-shard-00-01.igiuzpj.mongodb.net:27017', tagSet=TagSet{[Tag{name='nodeType', value='ELECTABLE'}, Tag{name='provider', value='AWS'}, Tag{name='region', value='US_EAST_1'}, Tag{name='workloadType', value='OPERATIONAL'}]}, electionId=null, setVersion=9, topologyVersion=TopologyVersion{processId=644975957bafc83c4aa89693, counter=4}, lastWriteDate=Thu Apr 27 06:29:42 IST 2023, lastUpdateTimeNanos=36488797815200}
2023-04-27T06:29:42.617+05:30  INFO 4704 --- [cluster-ClusterId{value='6449c8fdcf97431a7ae1cd7d', description='null'}-ac-zxufz0t-shard-00-01.igiuzpj.mongodb.net:27017] org.mongodb.driver.cluster               : Discovered replica set primary ac-zxufz0t-shard-00-01.igiuzpj.mongodb.net:27017 with max election id 7fffffff0000000000000099 and max set version 9
2023-04-27T06:29:42.931+05:30  INFO 4704 --- [restartedMain] com.netflix.discovery.DiscoveryClient    : The response status is 200
2023-04-27T06:29:42.933+05:30  INFO 4704 --- [restartedMain] com.netflix.discovery.DiscoveryClient    : Starting heartbeat executor: renew interval is: 30
2023-04-27T06:29:42.936+05:30  INFO 4704 --- [restartedMain] c.n.discovery.InstanceInfoReplicator     : InstanceInfoReplicator onDemand update allowed rate per min is 4
2023-04-27T06:29:42.942+05:30  INFO 4704 --- [restartedMain] com.netflix.discovery.DiscoveryClient    : Discovery Client initialized at timestamp 1682557182941 with initial instances count: 3
2023-04-27T06:29:42.944+05:30  INFO 4704 --- [restartedMain] o.s.c.n.e.s.EurekaServiceRegistry        : Registering application EMPLOYEE-SERVICE with eureka with status UP
2023-04-27T06:29:42.944+05:30  INFO 4704 --- [restartedMain] com.netflix.discovery.DiscoveryClient    : Saw local status change event StatusChangeEvent [timestamp=1682557182944, current=UP, previous=STARTING]
2023-04-27T06:29:42.946+05:30  INFO 4704 --- [DiscoveryClient-InstanceInfoReplicator-0] com.netflix.discovery.DiscoveryClient    : DiscoveryClient_EMPLOYEE-SERVICE/inlen8520081760.corp.capgemini.com:Employee-Service:8050: registering service...
2023-04-27T06:29:42.973+05:30  INFO 4704 --- [restartedMain] o.s.b.w.embedded.tomcat.TomcatWebServer  : Tomcat started on port(s): 8050 (http) with context path ''
2023-04-27T06:29:42.974+05:30  INFO 4704 --- [restartedMain] .s.c.n.e.s.EurekaAutoServiceRegistration : Updating port to 8050
2023-04-27T06:29:42.983+05:30  INFO 4704 --- [DiscoveryClient-InstanceInfoReplicator-0] com.netflix.discovery.DiscoveryClient    : DiscoveryClient_EMPLOYEE-SERVICE/inlen8520081760.corp.capgemini.com:Employee-Service:8050 - registration status: 204
2023-04-27T06:29:43.062+05:30  INFO 4704 --- [restartedMain] com.task.employee.EmployeeApplication    : Started EmployeeApplication in 4.103 seconds (process running for 4.594)
2023-04-27T06:34:42.608+05:30  INFO 4704 --- [AsyncResolver-bootstrap-executor-0] c.n.d.s.r.aws.ConfigClusterResolver      : Resolving eureka endpoints via configuration
2023-04-27T09:18:46.303+05:30  INFO 4704 --- [cluster-ClusterId{value='6449c8fdcf97431a7ae1cd7d', description='null'}-ac-zxufz0t-shard-00-00.igiuzpj.mongodb.net:27017] org.mongodb.driver.cluster               : Exception in monitor thread while connecting to server ac-zxufz0t-shard-00-00.igiuzpj.mongodb.net:27017

com.mongodb.MongoSocketReadException: Exception receiving message
	at com.mongodb.internal.connection.InternalStreamConnection.translateReadException(InternalStreamConnection.java:705) ~[mongodb-driver-core-4.8.2.jar:na]
	at com.mongodb.internal.connection.InternalStreamConnection.receiveMessageWithAdditionalTimeout(InternalStreamConnection.java:577) ~[mongodb-driver-core-4.8.2.jar:na]
	at com.mongodb.internal.connection.InternalStreamConnection.receiveCommandMessageResponse(InternalStreamConnection.java:413) ~[mongodb-driver-core-4.8.2.jar:na]
	at com.mongodb.internal.connection.InternalStreamConnection.receive(InternalStreamConnection.java:372) ~[mongodb-driver-core-4.8.2.jar:na]
	at com.mongodb.internal.connection.DefaultServerMonitor$ServerMonitorRunnable.lookupServerDescription(DefaultServerMonitor.java:226) ~[mongodb-driver-core-4.8.2.jar:na]
	at com.mongodb.internal.connection.DefaultServerMonitor$ServerMonitorRunnable.run(DefaultServerMonitor.java:158) ~[mongodb-driver-core-4.8.2.jar:na]
	at java.base/java.lang.Thread.run(Thread.java:833) ~[na:na]
Caused by: java.net.SocketException: Socket is closed
	at java.base/java.net.Socket.setSoTimeout(Socket.java:1218) ~[na:na]
	at java.base/sun.security.ssl.BaseSSLSocketImpl.setSoTimeout(BaseSSLSocketImpl.java:638) ~[na:na]
	at java.base/sun.security.ssl.SSLSocketImpl.setSoTimeout(SSLSocketImpl.java:74) ~[na:na]
	at com.mongodb.internal.connection.SocketStream.read(SocketStream.java:140) ~[mongodb-driver-core-4.8.2.jar:na]
	at com.mongodb.internal.connection.InternalStreamConnection.receiveResponseBuffers(InternalStreamConnection.java:716) ~[mongodb-driver-core-4.8.2.jar:na]
	at com.mongodb.internal.connection.InternalStreamConnection.receiveMessageWithAdditionalTimeout(InternalStreamConnection.java:574) ~[mongodb-driver-core-4.8.2.jar:na]
	... 5 common frames omitted

2023-04-27T09:18:46.308+05:30  INFO 4704 --- [cluster-ClusterId{value='6449c8fdcf97431a7ae1cd7d', description='null'}-ac-zxufz0t-shard-00-01.igiuzpj.mongodb.net:27017] org.mongodb.driver.cluster               : Exception in monitor thread while connecting to server ac-zxufz0t-shard-00-01.igiuzpj.mongodb.net:27017

com.mongodb.MongoSocketReadException: Exception receiving message
	at com.mongodb.internal.connection.InternalStreamConnection.translateReadException(InternalStreamConnection.java:705) ~[mongodb-driver-core-4.8.2.jar:na]
	at com.mongodb.internal.connection.InternalStreamConnection.receiveMessageWithAdditionalTimeout(InternalStreamConnection.java:577) ~[mongodb-driver-core-4.8.2.jar:na]
	at com.mongodb.internal.connection.InternalStreamConnection.receiveCommandMessageResponse(InternalStreamConnection.java:413) ~[mongodb-driver-core-4.8.2.jar:na]
	at com.mongodb.internal.connection.InternalStreamConnection.receive(InternalStreamConnection.java:372) ~[mongodb-driver-core-4.8.2.jar:na]
	at com.mongodb.internal.connection.DefaultServerMonitor$ServerMonitorRunnable.lookupServerDescription(DefaultServerMonitor.java:226) ~[mongodb-driver-core-4.8.2.jar:na]
	at com.mongodb.internal.connection.DefaultServerMonitor$ServerMonitorRunnable.run(DefaultServerMonitor.java:158) ~[mongodb-driver-core-4.8.2.jar:na]
	at java.base/java.lang.Thread.run(Thread.java:833) ~[na:na]
Caused by: java.net.SocketException: Socket is closed
	at java.base/java.net.Socket.setSoTimeout(Socket.java:1218) ~[na:na]
	at java.base/sun.security.ssl.BaseSSLSocketImpl.setSoTimeout(BaseSSLSocketImpl.java:638) ~[na:na]
	at java.base/sun.security.ssl.SSLSocketImpl.setSoTimeout(SSLSocketImpl.java:74) ~[na:na]
	at com.mongodb.internal.connection.SocketStream.read(SocketStream.java:140) ~[mongodb-driver-core-4.8.2.jar:na]
	at com.mongodb.internal.connection.InternalStreamConnection.receiveResponseBuffers(InternalStreamConnection.java:716) ~[mongodb-driver-core-4.8.2.jar:na]
	at com.mongodb.internal.connection.InternalStreamConnection.receiveMessageWithAdditionalTimeout(InternalStreamConnection.java:574) ~[mongodb-driver-core-4.8.2.jar:na]
	... 5 common frames omitted

2023-04-27T09:18:46.308+05:30  INFO 4704 --- [cluster-ClusterId{value='6449c8fdcf97431a7ae1cd7d', description='null'}-ac-zxufz0t-shard-00-02.igiuzpj.mongodb.net:27017] org.mongodb.driver.cluster               : Exception in monitor thread while connecting to server ac-zxufz0t-shard-00-02.igiuzpj.mongodb.net:27017

com.mongodb.MongoSocketReadException: Exception receiving message
	at com.mongodb.internal.connection.InternalStreamConnection.translateReadException(InternalStreamConnection.java:705) ~[mongodb-driver-core-4.8.2.jar:na]
	at com.mongodb.internal.connection.InternalStreamConnection.receiveMessageWithAdditionalTimeout(InternalStreamConnection.java:577) ~[mongodb-driver-core-4.8.2.jar:na]
	at com.mongodb.internal.connection.InternalStreamConnection.receiveCommandMessageResponse(InternalStreamConnection.java:413) ~[mongodb-driver-core-4.8.2.jar:na]
	at com.mongodb.internal.connection.InternalStreamConnection.receive(InternalStreamConnection.java:372) ~[mongodb-driver-core-4.8.2.jar:na]
	at com.mongodb.internal.connection.DefaultServerMonitor$ServerMonitorRunnable.lookupServerDescription(DefaultServerMonitor.java:226) ~[mongodb-driver-core-4.8.2.jar:na]
	at com.mongodb.internal.connection.DefaultServerMonitor$ServerMonitorRunnable.run(DefaultServerMonitor.java:158) ~[mongodb-driver-core-4.8.2.jar:na]
	at java.base/java.lang.Thread.run(Thread.java:833) ~[na:na]
Caused by: java.net.SocketException: Socket is closed
	at java.base/java.net.Socket.setSoTimeout(Socket.java:1218) ~[na:na]
	at java.base/sun.security.ssl.BaseSSLSocketImpl.setSoTimeout(BaseSSLSocketImpl.java:638) ~[na:na]
	at java.base/sun.security.ssl.SSLSocketImpl.setSoTimeout(SSLSocketImpl.java:74) ~[na:na]
	at com.mongodb.internal.connection.SocketStream.read(SocketStream.java:140) ~[mongodb-driver-core-4.8.2.jar:na]
	at com.mongodb.internal.connection.InternalStreamConnection.receiveResponseBuffers(InternalStreamConnection.java:716) ~[mongodb-driver-core-4.8.2.jar:na]
	at com.mongodb.internal.connection.InternalStreamConnection.receiveMessageWithAdditionalTimeout(InternalStreamConnection.java:574) ~[mongodb-driver-core-4.8.2.jar:na]
	... 5 common frames omitted

2023-04-27T09:18:46.763+05:30  INFO 4704 --- [cluster-ClusterId{value='6449c8fdcf97431a7ae1cd7d', description='null'}-ac-zxufz0t-shard-00-00.igiuzpj.mongodb.net:27017] org.mongodb.driver.cluster               : Exception in monitor thread while connecting to server ac-zxufz0t-shard-00-00.igiuzpj.mongodb.net:27017

com.mongodb.MongoSocketException: No such host is known (ac-zxufz0t-shard-00-00.igiuzpj.mongodb.net)
	at com.mongodb.ServerAddress.getSocketAddresses(ServerAddress.java:217) ~[mongodb-driver-core-4.8.2.jar:na]
	at com.mongodb.internal.connection.SocketStream.initializeSocket(SocketStream.java:78) ~[mongodb-driver-core-4.8.2.jar:na]
	at com.mongodb.internal.connection.SocketStream.open(SocketStream.java:68) ~[mongodb-driver-core-4.8.2.jar:na]
	at com.mongodb.internal.connection.InternalStreamConnection.open(InternalStreamConnection.java:183) ~[mongodb-driver-core-4.8.2.jar:na]
	at com.mongodb.internal.connection.DefaultServerMonitor$ServerMonitorRunnable.lookupServerDescription(DefaultServerMonitor.java:198) ~[mongodb-driver-core-4.8.2.jar:na]
	at com.mongodb.internal.connection.DefaultServerMonitor$ServerMonitorRunnable.run(DefaultServerMonitor.java:158) ~[mongodb-driver-core-4.8.2.jar:na]
	at java.base/java.lang.Thread.run(Thread.java:833) ~[na:na]
Caused by: java.net.UnknownHostException: No such host is known (ac-zxufz0t-shard-00-00.igiuzpj.mongodb.net)
	at java.base/java.net.Inet6AddressImpl.lookupAllHostAddr(Native Method) ~[na:na]
	at java.base/java.net.InetAddress$PlatformNameService.lookupAllHostAddr(InetAddress.java:933) ~[na:na]
	at java.base/java.net.InetAddress.getAddressesFromNameService(InetAddress.java:1529) ~[na:na]
	at java.base/java.net.InetAddress$NameServiceAddresses.get(InetAddress.java:852) ~[na:na]
	at java.base/java.net.InetAddress.getAllByName0(InetAddress.java:1519) ~[na:na]
	at java.base/java.net.InetAddress.getAllByName(InetAddress.java:1377) ~[na:na]
	at java.base/java.net.InetAddress.getAllByName(InetAddress.java:1305) ~[na:na]
	at com.mongodb.ServerAddress.getSocketAddresses(ServerAddress.java:209) ~[mongodb-driver-core-4.8.2.jar:na]
	... 6 common frames omitted

2023-04-27T09:18:46.847+05:30  INFO 4704 --- [cluster-ClusterId{value='6449c8fdcf97431a7ae1cd7d', description='null'}-ac-zxufz0t-shard-00-02.igiuzpj.mongodb.net:27017] org.mongodb.driver.cluster               : Exception in monitor thread while connecting to server ac-zxufz0t-shard-00-02.igiuzpj.mongodb.net:27017

com.mongodb.MongoSocketException: No such host is known (ac-zxufz0t-shard-00-02.igiuzpj.mongodb.net)
	at com.mongodb.ServerAddress.getSocketAddresses(ServerAddress.java:217) ~[mongodb-driver-core-4.8.2.jar:na]
	at com.mongodb.internal.connection.SocketStream.initializeSocket(SocketStream.java:78) ~[mongodb-driver-core-4.8.2.jar:na]
	at com.mongodb.internal.connection.SocketStream.open(SocketStream.java:68) ~[mongodb-driver-core-4.8.2.jar:na]
	at com.mongodb.internal.connection.InternalStreamConnection.open(InternalStreamConnection.java:183) ~[mongodb-driver-core-4.8.2.jar:na]
	at com.mongodb.internal.connection.DefaultServerMonitor$ServerMonitorRunnable.lookupServerDescription(DefaultServerMonitor.java:198) ~[mongodb-driver-core-4.8.2.jar:na]
	at com.mongodb.internal.connection.DefaultServerMonitor$ServerMonitorRunnable.run(DefaultServerMonitor.java:158) ~[mongodb-driver-core-4.8.2.jar:na]
	at java.base/java.lang.Thread.run(Thread.java:833) ~[na:na]
Caused by: java.net.UnknownHostException: No such host is known (ac-zxufz0t-shard-00-02.igiuzpj.mongodb.net)
	at java.base/java.net.Inet6AddressImpl.lookupAllHostAddr(Native Method) ~[na:na]
	at java.base/java.net.InetAddress$PlatformNameService.lookupAllHostAddr(InetAddress.java:933) ~[na:na]
	at java.base/java.net.InetAddress.getAddressesFromNameService(InetAddress.java:1529) ~[na:na]
	at java.base/java.net.InetAddress$NameServiceAddresses.get(InetAddress.java:852) ~[na:na]
	at java.base/java.net.InetAddress.getAllByName0(InetAddress.java:1519) ~[na:na]
	at java.base/java.net.InetAddress.getAllByName(InetAddress.java:1377) ~[na:na]
	at java.base/java.net.InetAddress.getAllByName(InetAddress.java:1305) ~[na:na]
	at com.mongodb.ServerAddress.getSocketAddresses(ServerAddress.java:209) ~[mongodb-driver-core-4.8.2.jar:na]
	... 6 common frames omitted

2023-04-27T09:18:46.846+05:30  INFO 4704 --- [cluster-ClusterId{value='6449c8fdcf97431a7ae1cd7d', description='null'}-ac-zxufz0t-shard-00-01.igiuzpj.mongodb.net:27017] org.mongodb.driver.cluster               : Exception in monitor thread while connecting to server ac-zxufz0t-shard-00-01.igiuzpj.mongodb.net:27017

com.mongodb.MongoSocketException: No such host is known (ac-zxufz0t-shard-00-01.igiuzpj.mongodb.net)
	at com.mongodb.ServerAddress.getSocketAddresses(ServerAddress.java:217) ~[mongodb-driver-core-4.8.2.jar:na]
	at com.mongodb.internal.connection.SocketStream.initializeSocket(SocketStream.java:78) ~[mongodb-driver-core-4.8.2.jar:na]
	at com.mongodb.internal.connection.SocketStream.open(SocketStream.java:68) ~[mongodb-driver-core-4.8.2.jar:na]
	at com.mongodb.internal.connection.InternalStreamConnection.open(InternalStreamConnection.java:183) ~[mongodb-driver-core-4.8.2.jar:na]
	at com.mongodb.internal.connection.DefaultServerMonitor$ServerMonitorRunnable.lookupServerDescription(DefaultServerMonitor.java:198) ~[mongodb-driver-core-4.8.2.jar:na]
	at com.mongodb.internal.connection.DefaultServerMonitor$ServerMonitorRunnable.run(DefaultServerMonitor.java:158) ~[mongodb-driver-core-4.8.2.jar:na]
	at java.base/java.lang.Thread.run(Thread.java:833) ~[na:na]
Caused by: java.net.UnknownHostException: No such host is known (ac-zxufz0t-shard-00-01.igiuzpj.mongodb.net)
	at java.base/java.net.Inet6AddressImpl.lookupAllHostAddr(Native Method) ~[na:na]
	at java.base/java.net.InetAddress$PlatformNameService.lookupAllHostAddr(InetAddress.java:933) ~[na:na]
	at java.base/java.net.InetAddress.getAddressesFromNameService(InetAddress.java:1529) ~[na:na]
	at java.base/java.net.InetAddress$NameServiceAddresses.get(InetAddress.java:852) ~[na:na]
	at java.base/java.net.InetAddress.getAllByName0(InetAddress.java:1519) ~[na:na]
	at java.base/java.net.InetAddress.getAllByName(InetAddress.java:1377) ~[na:na]
	at java.base/java.net.InetAddress.getAllByName(InetAddress.java:1305) ~[na:na]
	at com.mongodb.ServerAddress.getSocketAddresses(ServerAddress.java:209) ~[mongodb-driver-core-4.8.2.jar:na]
	... 6 common frames omitted

2023-04-27T09:19:08.996+05:30  INFO 4704 --- [cluster-ClusterId{value='6449c8fdcf97431a7ae1cd7d', description='null'}-ac-zxufz0t-shard-00-01.igiuzpj.mongodb.net:27017] org.mongodb.driver.cluster               : Exception in monitor thread while connecting to server ac-zxufz0t-shard-00-01.igiuzpj.mongodb.net:27017

com.mongodb.MongoSocketReadException: Exception receiving message
	at com.mongodb.internal.connection.InternalStreamConnection.translateReadException(InternalStreamConnection.java:705) ~[mongodb-driver-core-4.8.2.jar:na]
	at com.mongodb.internal.connection.InternalStreamConnection.receiveMessageWithAdditionalTimeout(InternalStreamConnection.java:577) ~[mongodb-driver-core-4.8.2.jar:na]
	at com.mongodb.internal.connection.InternalStreamConnection.receiveCommandMessageResponse(InternalStreamConnection.java:413) ~[mongodb-driver-core-4.8.2.jar:na]
	at com.mongodb.internal.connection.InternalStreamConnection.sendAndReceive(InternalStreamConnection.java:340) ~[mongodb-driver-core-4.8.2.jar:na]
	at com.mongodb.internal.connection.CommandHelper.sendAndReceive(CommandHelper.java:104) ~[mongodb-driver-core-4.8.2.jar:na]
	at com.mongodb.internal.connection.CommandHelper.executeCommand(CommandHelper.java:48) ~[mongodb-driver-core-4.8.2.jar:na]
	at com.mongodb.internal.connection.InternalStreamConnectionInitializer.initializeConnectionDescription(InternalStreamConnectionInitializer.java:134) ~[mongodb-driver-core-4.8.2.jar:na]
	at com.mongodb.internal.connection.InternalStreamConnectionInitializer.startHandshake(InternalStreamConnectionInitializer.java:76) ~[mongodb-driver-core-4.8.2.jar:na]
	at com.mongodb.internal.connection.InternalStreamConnection.open(InternalStreamConnection.java:185) ~[mongodb-driver-core-4.8.2.jar:na]
	at com.mongodb.internal.connection.DefaultServerMonitor$ServerMonitorRunnable.lookupServerDescription(DefaultServerMonitor.java:198) ~[mongodb-driver-core-4.8.2.jar:na]
	at com.mongodb.internal.connection.DefaultServerMonitor$ServerMonitorRunnable.run(DefaultServerMonitor.java:158) ~[mongodb-driver-core-4.8.2.jar:na]
	at java.base/java.lang.Thread.run(Thread.java:833) ~[na:na]
Caused by: java.net.SocketException: Socket is closed
	at java.base/java.net.Socket.setSoTimeout(Socket.java:1218) ~[na:na]
	at java.base/sun.security.ssl.BaseSSLSocketImpl.setSoTimeout(BaseSSLSocketImpl.java:638) ~[na:na]
	at java.base/sun.security.ssl.SSLSocketImpl.setSoTimeout(SSLSocketImpl.java:74) ~[na:na]
	at com.mongodb.internal.connection.SocketStream.read(SocketStream.java:140) ~[mongodb-driver-core-4.8.2.jar:na]
	at com.mongodb.internal.connection.InternalStreamConnection.receiveResponseBuffers(InternalStreamConnection.java:716) ~[mongodb-driver-core-4.8.2.jar:na]
	at com.mongodb.internal.connection.InternalStreamConnection.receiveMessageWithAdditionalTimeout(InternalStreamConnection.java:574) ~[mongodb-driver-core-4.8.2.jar:na]
	... 10 common frames omitted

2023-04-27T09:19:17.120+05:30  INFO 4704 --- [cluster-ClusterId{value='6449c8fdcf97431a7ae1cd7d', description='null'}-ac-zxufz0t-shard-00-00.igiuzpj.mongodb.net:27017] org.mongodb.driver.cluster               : Exception in monitor thread while connecting to server ac-zxufz0t-shard-00-00.igiuzpj.mongodb.net:27017

com.mongodb.MongoSocketOpenException: Exception opening socket
	at com.mongodb.internal.connection.SocketStream.open(SocketStream.java:73) ~[mongodb-driver-core-4.8.2.jar:na]
	at com.mongodb.internal.connection.InternalStreamConnection.open(InternalStreamConnection.java:183) ~[mongodb-driver-core-4.8.2.jar:na]
	at com.mongodb.internal.connection.DefaultServerMonitor$ServerMonitorRunnable.lookupServerDescription(DefaultServerMonitor.java:198) ~[mongodb-driver-core-4.8.2.jar:na]
	at com.mongodb.internal.connection.DefaultServerMonitor$ServerMonitorRunnable.run(DefaultServerMonitor.java:158) ~[mongodb-driver-core-4.8.2.jar:na]
	at java.base/java.lang.Thread.run(Thread.java:833) ~[na:na]
Caused by: java.net.SocketTimeoutException: Connect timed out
	at java.base/sun.nio.ch.NioSocketImpl.timedFinishConnect(NioSocketImpl.java:546) ~[na:na]
	at java.base/sun.nio.ch.NioSocketImpl.connect(NioSocketImpl.java:597) ~[na:na]
	at java.base/java.net.SocksSocketImpl.connect(SocksSocketImpl.java:327) ~[na:na]
	at java.base/java.net.Socket.connect(Socket.java:633) ~[na:na]
	at java.base/sun.security.ssl.SSLSocketImpl.connect(SSLSocketImpl.java:304) ~[na:na]
	at com.mongodb.internal.connection.SocketStreamHelper.initialize(SocketStreamHelper.java:107) ~[mongodb-driver-core-4.8.2.jar:na]
	at com.mongodb.internal.connection.SocketStream.initializeSocket(SocketStream.java:82) ~[mongodb-driver-core-4.8.2.jar:na]
	at com.mongodb.internal.connection.SocketStream.open(SocketStream.java:68) ~[mongodb-driver-core-4.8.2.jar:na]
	... 4 common frames omitted

2023-04-27T09:19:17.181+05:30  INFO 4704 --- [cluster-ClusterId{value='6449c8fdcf97431a7ae1cd7d', description='null'}-ac-zxufz0t-shard-00-02.igiuzpj.mongodb.net:27017] org.mongodb.driver.cluster               : Exception in monitor thread while connecting to server ac-zxufz0t-shard-00-02.igiuzpj.mongodb.net:27017

com.mongodb.MongoSocketOpenException: Exception opening socket
	at com.mongodb.internal.connection.SocketStream.open(SocketStream.java:73) ~[mongodb-driver-core-4.8.2.jar:na]
	at com.mongodb.internal.connection.InternalStreamConnection.open(InternalStreamConnection.java:183) ~[mongodb-driver-core-4.8.2.jar:na]
	at com.mongodb.internal.connection.DefaultServerMonitor$ServerMonitorRunnable.lookupServerDescription(DefaultServerMonitor.java:198) ~[mongodb-driver-core-4.8.2.jar:na]
	at com.mongodb.internal.connection.DefaultServerMonitor$ServerMonitorRunnable.run(DefaultServerMonitor.java:158) ~[mongodb-driver-core-4.8.2.jar:na]
	at java.base/java.lang.Thread.run(Thread.java:833) ~[na:na]
Caused by: java.net.SocketTimeoutException: Connect timed out
	at java.base/sun.nio.ch.NioSocketImpl.timedFinishConnect(NioSocketImpl.java:546) ~[na:na]
	at java.base/sun.nio.ch.NioSocketImpl.connect(NioSocketImpl.java:597) ~[na:na]
	at java.base/java.net.SocksSocketImpl.connect(SocksSocketImpl.java:327) ~[na:na]
	at java.base/java.net.Socket.connect(Socket.java:633) ~[na:na]
	at java.base/sun.security.ssl.SSLSocketImpl.connect(SSLSocketImpl.java:304) ~[na:na]
	at com.mongodb.internal.connection.SocketStreamHelper.initialize(SocketStreamHelper.java:107) ~[mongodb-driver-core-4.8.2.jar:na]
	at com.mongodb.internal.connection.SocketStream.initializeSocket(SocketStream.java:82) ~[mongodb-driver-core-4.8.2.jar:na]
	at com.mongodb.internal.connection.SocketStream.open(SocketStream.java:68) ~[mongodb-driver-core-4.8.2.jar:na]
	... 4 common frames omitted

2023-04-27T09:19:20.845+05:30  INFO 4704 --- [cluster-ClusterId{value='6449c8fdcf97431a7ae1cd7d', description='null'}-ac-zxufz0t-shard-00-01.igiuzpj.mongodb.net:27017] org.mongodb.driver.cluster               : Exception in monitor thread while connecting to server ac-zxufz0t-shard-00-01.igiuzpj.mongodb.net:27017

com.mongodb.MongoSocketReadException: Prematurely reached end of stream
	at com.mongodb.internal.connection.SocketStream.read(SocketStream.java:115) ~[mongodb-driver-core-4.8.2.jar:na]
	at com.mongodb.internal.connection.SocketStream.read(SocketStream.java:138) ~[mongodb-driver-core-4.8.2.jar:na]
	at com.mongodb.internal.connection.InternalStreamConnection.receiveResponseBuffers(InternalStreamConnection.java:716) ~[mongodb-driver-core-4.8.2.jar:na]
	at com.mongodb.internal.connection.InternalStreamConnection.receiveMessageWithAdditionalTimeout(InternalStreamConnection.java:574) ~[mongodb-driver-core-4.8.2.jar:na]
	at com.mongodb.internal.connection.InternalStreamConnection.receiveCommandMessageResponse(InternalStreamConnection.java:413) ~[mongodb-driver-core-4.8.2.jar:na]
	at com.mongodb.internal.connection.InternalStreamConnection.sendAndReceive(InternalStreamConnection.java:340) ~[mongodb-driver-core-4.8.2.jar:na]
	at com.mongodb.internal.connection.CommandHelper.sendAndReceive(CommandHelper.java:104) ~[mongodb-driver-core-4.8.2.jar:na]
	at com.mongodb.internal.connection.CommandHelper.executeCommand(CommandHelper.java:48) ~[mongodb-driver-core-4.8.2.jar:na]
	at com.mongodb.internal.connection.InternalStreamConnectionInitializer.initializeConnectionDescription(InternalStreamConnectionInitializer.java:134) ~[mongodb-driver-core-4.8.2.jar:na]
	at com.mongodb.internal.connection.InternalStreamConnectionInitializer.startHandshake(InternalStreamConnectionInitializer.java:76) ~[mongodb-driver-core-4.8.2.jar:na]
	at com.mongodb.internal.connection.InternalStreamConnection.open(InternalStreamConnection.java:185) ~[mongodb-driver-core-4.8.2.jar:na]
	at com.mongodb.internal.connection.DefaultServerMonitor$ServerMonitorRunnable.lookupServerDescription(DefaultServerMonitor.java:198) ~[mongodb-driver-core-4.8.2.jar:na]
	at com.mongodb.internal.connection.DefaultServerMonitor$ServerMonitorRunnable.run(DefaultServerMonitor.java:158) ~[mongodb-driver-core-4.8.2.jar:na]
	at java.base/java.lang.Thread.run(Thread.java:833) ~[na:na]

2023-04-27T09:19:35.931+05:30  INFO 4704 --- [SpringApplicationShutdownHook] o.s.c.n.e.s.EurekaServiceRegistry        : Unregistering application EMPLOYEE-SERVICE with eureka with status DOWN
2023-04-27T09:19:35.931+05:30  INFO 4704 --- [SpringApplicationShutdownHook] com.netflix.discovery.DiscoveryClient    : Saw local status change event StatusChangeEvent [timestamp=1682567375931, current=DOWN, previous=UP]
2023-04-27T09:19:35.931+05:30  INFO 4704 --- [DiscoveryClient-InstanceInfoReplicator-0] com.netflix.discovery.DiscoveryClient    : DiscoveryClient_EMPLOYEE-SERVICE/inlen8520081760.corp.capgemini.com:Employee-Service:8050: registering service...
2023-04-27T09:19:35.942+05:30  INFO 4704 --- [DiscoveryClient-InstanceInfoReplicator-0] com.netflix.discovery.DiscoveryClient    : DiscoveryClient_EMPLOYEE-SERVICE/inlen8520081760.corp.capgemini.com:Employee-Service:8050 - registration status: 204
2023-04-27T09:19:35.960+05:30  INFO 4704 --- [SpringApplicationShutdownHook] com.netflix.discovery.DiscoveryClient    : Shutting down DiscoveryClient ...
2023-04-27T09:19:38.967+05:30  INFO 4704 --- [SpringApplicationShutdownHook] com.netflix.discovery.DiscoveryClient    : Unregistering ...
2023-04-27T09:19:38.973+05:30  INFO 4704 --- [SpringApplicationShutdownHook] com.netflix.discovery.DiscoveryClient    : DiscoveryClient_EMPLOYEE-SERVICE/inlen8520081760.corp.capgemini.com:Employee-Service:8050 - deregister  status: 200
2023-04-27T09:19:38.977+05:30  INFO 4704 --- [SpringApplicationShutdownHook] com.netflix.discovery.DiscoveryClient    : Completed shut down of DiscoveryClient
